Removed Pin From Net: NetName=VCC Pin=Q1-1
Added Component: Designator=C1(CAPS6.3)
Add component (AddParameter): Name = "Price(RMB)"; Value = "0.000"; VariantName = "[No Variations]"
Add component (AddParameter): Name = "Published"; Value = "8-Jun-2000"; VariantName = "[No Variations]"
Add component (AddParameter): Name = "Publisher"; Value = "Altium Limited"; VariantName = "[No Variations]"
Add component (AddParameter): Name = "Revision"; Value = "July-2002: Re-released for DXP Platform."; VariantName = "[No Variations]"
Add component (AddParameter): Name = "Value"; Value = "220uF"; VariantName = "[No Variations]"
Add component (AddParameter): Name = "Voltage"; Value = "16V"; VariantName = "[No Variations]"
Added Component: Designator=C2(CAPC3216[1206]S)
Add component (AddParameter): Name = "Published"; Value = "2021-12-13"; VariantName = "[No Variations]"
Add component (AddParameter): Name = "Revision"; Value = "V1.2"; VariantName = "[No Variations]"
Add component (AddParameter): Name = "Tolerance"; Value = "¡À10%"; VariantName = "[No Variations]"
Add component (AddParameter): Name = "Type"; Value = "X7R"; VariantName = "[No Variations]"
Add component (AddParameter): Name = "Value"; Value = "4.7uF"; VariantName = "[No Variations]"
Add component (AddParameter): Name = "Voltage"; Value = "50V"; VariantName = "[No Variations]"
Added Component: Designator=C3(CAPC3216[1206]S)
Add component (AddParameter): Name = "Published"; Value = "2021-12-13"; VariantName = "[No Variations]"
Add component (AddParameter): Name = "Revision"; Value = "V1.2"; VariantName = "[No Variations]"
Add component (AddParameter): Name = "Tolerance"; Value = "¡À10%"; VariantName = "[No Variations]"
Add component (AddParameter): Name = "Type"; Value = "X7R"; VariantName = "[No Variations]"
Add component (AddParameter): Name = "Value"; Value = "100nF"; VariantName = "[No Variations]"
Add component (AddParameter): Name = "Voltage"; Value = "50V"; VariantName = "[No Variations]"
Added Component: Designator=C4(CAPC3216[1206]S)
Add component (AddParameter): Name = "Published"; Value = "2021-12-13"; VariantName = "[No Variations]"
Add component (AddParameter): Name = "Revision"; Value = "V1.2"; VariantName = "[No Variations]"
Add component (AddParameter): Name = "Tolerance"; Value = "¡À10%"; VariantName = "[No Variations]"
Add component (AddParameter): Name = "Type"; Value = "X7R"; VariantName = "[No Variations]"
Add component (AddParameter): Name = "Value"; Value = "100nF"; VariantName = "[No Variations]"
Add component (AddParameter): Name = "Voltage"; Value = "50V"; VariantName = "[No Variations]"
Added Component: Designator=C5(CAPC3216[1206]S)
Add component (AddParameter): Name = "Published"; Value = "2021-12-13"; VariantName = "[No Variations]"
Add component (AddParameter): Name = "Revision"; Value = "V1.2"; VariantName = "[No Variations]"
Add component (AddParameter): Name = "Tolerance"; Value = "¡À10%"; VariantName = "[No Variations]"
Add component (AddParameter): Name = "Type"; Value = "X5R"; VariantName = "[No Variations]"
Add component (AddParameter): Name = "Value"; Value = "47uF"; VariantName = "[No Variations]"
Add component (AddParameter): Name = "Voltage"; Value = "50V"; VariantName = "[No Variations]"
Added Component: Designator=C6(CAPS6.3)
Add component (AddParameter): Name = "Price(RMB)"; Value = "0.000"; VariantName = "[No Variations]"
Add component (AddParameter): Name = "Published"; Value = "8-Jun-2000"; VariantName = "[No Variations]"
Add component (AddParameter): Name = "Publisher"; Value = "Altium Limited"; VariantName = "[No Variations]"
Add component (AddParameter): Name = "Revision"; Value = "July-2002: Re-released for DXP Platform."; VariantName = "[No Variations]"
Add component (AddParameter): Name = "Value"; Value = "220uF"; VariantName = "[No Variations]"
Add component (AddParameter): Name = "Voltage"; Value = "16V"; VariantName = "[No Variations]"
Added Component: Designator=C7(CAPC3216[1206]S)
Add component (AddParameter): Name = "Published"; Value = "2021-12-13"; VariantName = "[No Variations]"
Add component (AddParameter): Name = "Revision"; Value = "V1.2"; VariantName = "[No Variations]"
Add component (AddParameter): Name = "Tolerance"; Value = "¡À10%"; VariantName = "[No Variations]"
Add component (AddParameter): Name = "Type"; Value = "X7R"; VariantName = "[No Variations]"
Add component (AddParameter): Name = "Value"; Value = "4.7uF"; VariantName = "[No Variations]"
Add component (AddParameter): Name = "Voltage"; Value = "50V"; VariantName = "[No Variations]"
Added Component: Designator=C9(CAPS6.3)
Add component (AddParameter): Name = "Price(RMB)"; Value = "0.000"; VariantName = "[No Variations]"
Add component (AddParameter): Name = "Published"; Value = "8-Jun-2000"; VariantName = "[No Variations]"
Add component (AddParameter): Name = "Publisher"; Value = "Altium Limited"; VariantName = "[No Variations]"
Add component (AddParameter): Name = "Revision"; Value = "July-2002: Re-released for DXP Platform."; VariantName = "[No Variations]"
Add component (AddParameter): Name = "Value"; Value = "100uF"; VariantName = "[No Variations]"
Add component (AddParameter): Name = "Voltage"; Value = "25V"; VariantName = "[No Variations]"
Added Component: Designator=C10(CAPC3216[1206]S)
Add component (AddParameter): Name = "Published"; Value = "2021-12-13"; VariantName = "[No Variations]"
Add component (AddParameter): Name = "Revision"; Value = "V1.2"; VariantName = "[No Variations]"
Add component (AddParameter): Name = "Tolerance"; Value = "¡À10%"; VariantName = "[No Variations]"
Add component (AddParameter): Name = "Type"; Value = "X7R"; VariantName = "[No Variations]"
Add component (AddParameter): Name = "Value"; Value = "100nF"; VariantName = "[No Variations]"
Add component (AddParameter): Name = "Voltage"; Value = "50V"; VariantName = "[No Variations]"
Added Component: Designator=C11(CAPS6.3)
Add component (AddParameter): Name = "Price(RMB)"; Value = "0.000"; VariantName = "[No Variations]"
Add component (AddParameter): Name = "Published"; Value = "8-Jun-2000"; VariantName = "[No Variations]"
Add component (AddParameter): Name = "Publisher"; Value = "Altium Limited"; VariantName = "[No Variations]"
Add component (AddParameter): Name = "Revision"; Value = "July-2002: Re-released for DXP Platform."; VariantName = "[No Variations]"
Add component (AddParameter): Name = "Value"; Value = "220uF"; VariantName = "[No Variations]"
Add component (AddParameter): Name = "Voltage"; Value = "16V"; VariantName = "[No Variations]"
Added Component: Designator=C12(CAPC3216[1206]S)
Add component (AddParameter): Name = "Published"; Value = "2021-12-13"; VariantName = "[No Variations]"
Add component (AddParameter): Name = "Revision"; Value = "V1.2"; VariantName = "[No Variations]"
Add component (AddParameter): Name = "Tolerance"; Value = "¡À10%"; VariantName = "[No Variations]"
Add component (AddParameter): Name = "Type"; Value = "X7R"; VariantName = "[No Variations]"
Add component (AddParameter): Name = "Value"; Value = "100nF"; VariantName = "[No Variations]"
Add component (AddParameter): Name = "Voltage"; Value = "50V"; VariantName = "[No Variations]"
Added Component: Designator=C13(CAPT3216)
Add component (AddParameter): Name = "Price(RMB)"; Value = "0.000"; VariantName = "[No Variations]"
Add component (AddParameter): Name = "Published"; Value = "8-Jun-2000"; VariantName = "[No Variations]"
Add component (AddParameter): Name = "Publisher"; Value = "Altium Limited"; VariantName = "[No Variations]"
Add component (AddParameter): Name = "Revision"; Value = "July-2002: Re-released for DXP Platform."; VariantName = "[No Variations]"
Add component (AddParameter): Name = "Value"; Value = "10uF"; VariantName = "[No Variations]"
Add component (AddParameter): Name = "Voltage"; Value = "16V"; VariantName = "[No Variations]"
Added Component: Designator=C14(CAPC3216[1206]S)
Add component (AddParameter): Name = "Published"; Value = "2021-12-13"; VariantName = "[No Variations]"
Add component (AddParameter): Name = "Revision"; Value = "V1.2"; VariantName = "[No Variations]"
Add component (AddParameter): Name = "Tolerance"; Value = "¡À10%"; VariantName = "[No Variations]"
Add component (AddParameter): Name = "Type"; Value = "X7R"; VariantName = "[No Variations]"
Add component (AddParameter): Name = "Value"; Value = "100nF"; VariantName = "[No Variations]"
Add component (AddParameter): Name = "Voltage"; Value = "50V"; VariantName = "[No Variations]"
Added Component: Designator=C15(CAPC3216[1206]S)
Add component (AddParameter): Name = "Published"; Value = "2021-12-13"; VariantName = "[No Variations]"
Add component (AddParameter): Name = "Revision"; Value = "V1.2"; VariantName = "[No Variations]"
Add component (AddParameter): Name = "Tolerance"; Value = "¡À10%"; VariantName = "[No Variations]"
Add component (AddParameter): Name = "Type"; Value = "X7R"; VariantName = "[No Variations]"
Add component (AddParameter): Name = "Value"; Value = "100nF"; VariantName = "[No Variations]"
Add component (AddParameter): Name = "Voltage"; Value = "50V"; VariantName = "[No Variations]"
Added Component: Designator=C16(CAPC3216[1206]S)
Add component (AddParameter): Name = "Published"; Value = "2021-12-13"; VariantName = "[No Variations]"
Add component (AddParameter): Name = "Revision"; Value = "V1.2"; VariantName = "[No Variations]"
Add component (AddParameter): Name = "Tolerance"; Value = "¡À10%"; VariantName = "[No Variations]"
Add component (AddParameter): Name = "Type"; Value = "X7R"; VariantName = "[No Variations]"
Add component (AddParameter): Name = "Value"; Value = "100nF"; VariantName = "[No Variations]"
Add component (AddParameter): Name = "Voltage"; Value = "50V"; VariantName = "[No Variations]"
Added Component: Designator=C17(CAPT3216)
Add component (AddParameter): Name = "Price(RMB)"; Value = "0.000"; VariantName = "[No Variations]"
Add component (AddParameter): Name = "Published"; Value = "8-Jun-2000"; VariantName = "[No Variations]"
Add component (AddParameter): Name = "Publisher"; Value = "Altium Limited"; VariantName = "[No Variations]"
Add component (AddParameter): Name = "Revision"; Value = "July-2002: Re-released for DXP Platform."; VariantName = "[No Variations]"
Add component (AddParameter): Name = "Value"; Value = "10uF"; VariantName = "[No Variations]"
Add component (AddParameter): Name = "Voltage"; Value = "16V"; VariantName = "[No Variations]"
Added Component: Designator=C18(CAPC3216[1206]S)
Add component (AddParameter): Name = "Published"; Value = "2021-12-13"; VariantName = "[No Variations]"
Add component (AddParameter): Name = "Revision"; Value = "V1.2"; VariantName = "[No Variations]"
Add component (AddParameter): Name = "Tolerance"; Value = "¡À10%"; VariantName = "[No Variations]"
Add component (AddParameter): Name = "Type"; Value = "X7R"; VariantName = "[No Variations]"
Add component (AddParameter): Name = "Value"; Value = "100nF"; VariantName = "[No Variations]"
Add component (AddParameter): Name = "Voltage"; Value = "50V"; VariantName = "[No Variations]"
Added Component: Designator=C19(CAPT3216)
Add component (AddParameter): Name = "Price(RMB)"; Value = "0.000"; VariantName = "[No Variations]"
Add component (AddParameter): Name = "Published"; Value = "8-Jun-2000"; VariantName = "[No Variations]"
Add component (AddParameter): Name = "Publisher"; Value = "Altium Limited"; VariantName = "[No Variations]"
Add component (AddParameter): Name = "Revision"; Value = "July-2002: Re-released for DXP Platform."; VariantName = "[No Variations]"
Add component (AddParameter): Name = "Value"; Value = "10uF"; VariantName = "[No Variations]"
Add component (AddParameter): Name = "Voltage"; Value = "16V"; VariantName = "[No Variations]"
Added Component: Designator=C20(CAPC3216[1206]S)
Add component (AddParameter): Name = "Published"; Value = "2021-12-13"; VariantName = "[No Variations]"
Add component (AddParameter): Name = "Revision"; Value = "V1.2"; VariantName = "[No Variations]"
Add component (AddParameter): Name = "Tolerance"; Value = "¡À10%"; VariantName = "[No Variations]"
Add component (AddParameter): Name = "Type"; Value = "X7R"; VariantName = "[No Variations]"
Add component (AddParameter): Name = "Value"; Value = "100nF"; VariantName = "[No Variations]"
Add component (AddParameter): Name = "Voltage"; Value = "50V"; VariantName = "[No Variations]"
Added Component: Designator=C21¡¢(CAPT3216)
Add component (AddParameter): Name = "Price(RMB)"; Value = "0.000"; VariantName = "[No Variations]"
Add component (AddParameter): Name = "Published"; Value = "8-Jun-2000"; VariantName = "[No Variations]"
Add component (AddParameter): Name = "Publisher"; Value = "Altium Limited"; VariantName = "[No Variations]"
Add component (AddParameter): Name = "Revision"; Value = "July-2002: Re-released for DXP Platform."; VariantName = "[No Variations]"
Add component (AddParameter): Name = "Value"; Value = "10uF"; VariantName = "[No Variations]"
Add component (AddParameter): Name = "Voltage"; Value = "16V"; VariantName = "[No Variations]"
Added Component: Designator=C22(CAPC3216[1206]S)
Add component (AddParameter): Name = "Published"; Value = "2021-12-13"; VariantName = "[No Variations]"
Add component (AddParameter): Name = "Revision"; Value = "V1.2"; VariantName = "[No Variations]"
Add component (AddParameter): Name = "Tolerance"; Value = "¡À10%"; VariantName = "[No Variations]"
Add component (AddParameter): Name = "Type"; Value = "X7R"; VariantName = "[No Variations]"
Add component (AddParameter): Name = "Value"; Value = "100nF"; VariantName = "[No Variations]"
Add component (AddParameter): Name = "Voltage"; Value = "50V"; VariantName = "[No Variations]"
Added Component: Designator=C23(CAPT3216)
Add component (AddParameter): Name = "Price(RMB)"; Value = "0.000"; VariantName = "[No Variations]"
Add component (AddParameter): Name = "Published"; Value = "8-Jun-2000"; VariantName = "[No Variations]"
Add component (AddParameter): Name = "Publisher"; Value = "Altium Limited"; VariantName = "[No Variations]"
Add component (AddParameter): Name = "Revision"; Value = "July-2002: Re-released for DXP Platform."; VariantName = "[No Variations]"
Add component (AddParameter): Name = "Value"; Value = "10uF"; VariantName = "[No Variations]"
Add component (AddParameter): Name = "Voltage"; Value = "16V"; VariantName = "[No Variations]"
Added Component: Designator=C24(CAPC3216[1206]S)
Add component (AddParameter): Name = "Published"; Value = "2021-12-13"; VariantName = "[No Variations]"
Add component (AddParameter): Name = "Revision"; Value = "V1.2"; VariantName = "[No Variations]"
Add component (AddParameter): Name = "Tolerance"; Value = "¡À10%"; VariantName = "[No Variations]"
Add component (AddParameter): Name = "Type"; Value = "X7R"; VariantName = "[No Variations]"
Add component (AddParameter): Name = "Value"; Value = "100nF"; VariantName = "[No Variations]"
Add component (AddParameter): Name = "Voltage"; Value = "50V"; VariantName = "[No Variations]"
Added Component: Designator=C?(CAPC3216[1206]S)
Add component (AddParameter): Name = "Published"; Value = "2021-12-13"; VariantName = "[No Variations]"
Add component (AddParameter): Name = "Revision"; Value = "V1.2"; VariantName = "[No Variations]"
Add component (AddParameter): Name = "Tolerance"; Value = "¡À10%"; VariantName = "[No Variations]"
Add component (AddParameter): Name = "Type"; Value = "X7R"; VariantName = "[No Variations]"
Add component (AddParameter): Name = "Value"; Value = "4.7nF"; VariantName = "[No Variations]"
Add component (AddParameter): Name = "Voltage"; Value = "50V"; VariantName = "[No Variations]"
Added Component: Designator=C?(CAPS6.3)
Add component (AddParameter): Name = "Price(RMB)"; Value = "0.000"; VariantName = "[No Variations]"
Add component (AddParameter): Name = "Published"; Value = "8-Jun-2000"; VariantName = "[No Variations]"
Add component (AddParameter): Name = "Publisher"; Value = "Altium Limited"; VariantName = "[No Variations]"
Add component (AddParameter): Name = "Revision"; Value = "July-2002: Re-released for DXP Platform."; VariantName = "[No Variations]"
Add component (AddParameter): Name = "Value"; Value = "220uF"; VariantName = "[No Variations]"
Add component (AddParameter): Name = "Voltage"; Value = "16V"; VariantName = "[No Variations]"
Added Component: Designator=C?(CAPT3216)
Add component (AddParameter): Name = "Price(RMB)"; Value = "0.000"; VariantName = "[No Variations]"
Add component (AddParameter): Name = "Published"; Value = "8-Jun-2000"; VariantName = "[No Variations]"
Add component (AddParameter): Name = "Publisher"; Value = "Altium Limited"; VariantName = "[No Variations]"
Add component (AddParameter): Name = "Revision"; Value = "July-2002: Re-released for DXP Platform."; VariantName = "[No Variations]"
Add component (AddParameter): Name = "Value"; Value = "10uF"; VariantName = "[No Variations]"
Add component (AddParameter): Name = "Voltage"; Value = "16V"; VariantName = "[No Variations]"
Added Component: Designator=C?(CAPS6.3)
Add component (AddParameter): Name = "Price(RMB)"; Value = "0.000"; VariantName = "[No Variations]"
Add component (AddParameter): Name = "Published"; Value = "8-Jun-2000"; VariantName = "[No Variations]"
Add component (AddParameter): Name = "Publisher"; Value = "Altium Limited"; VariantName = "[No Variations]"
Add component (AddParameter): Name = "Revision"; Value = "July-2002: Re-released for DXP Platform."; VariantName = "[No Variations]"
Add component (AddParameter): Name = "Value"; Value = "100uF"; VariantName = "[No Variations]"
Add component (AddParameter): Name = "Voltage"; Value = "25V"; VariantName = "[No Variations]"
Added Component: Designator=C?(CAPC3216[1206]S)
Add component (AddParameter): Name = "Published"; Value = "2021-12-13"; VariantName = "[No Variations]"
Add component (AddParameter): Name = "Revision"; Value = "V1.2"; VariantName = "[No Variations]"
Add component (AddParameter): Name = "Tolerance"; Value = "¡À10%"; VariantName = "[No Variations]"
Add component (AddParameter): Name = "Type"; Value = "X5R"; VariantName = "[No Variations]"
Add component (AddParameter): Name = "Value"; Value = "47uF"; VariantName = "[No Variations]"
Add component (AddParameter): Name = "Voltage"; Value = "50V"; VariantName = "[No Variations]"
Added Component: Designator=C?(CAPC3216[1206]S)
Add component (AddParameter): Name = "Published"; Value = "2021-12-13"; VariantName = "[No Variations]"
Add component (AddParameter): Name = "Revision"; Value = "V1.2"; VariantName = "[No Variations]"
Add component (AddParameter): Name = "Tolerance"; Value = "¡À10%"; VariantName = "[No Variations]"
Add component (AddParameter): Name = "Type"; Value = "X7R"; VariantName = "[No Variations]"
Add component (AddParameter): Name = "Value"; Value = "4.7uF"; VariantName = "[No Variations]"
Add component (AddParameter): Name = "Voltage"; Value = "50V"; VariantName = "[No Variations]"
Added Component: Designator=C?(CAPC3216[1206]S)
Add component (AddParameter): Name = "Published"; Value = "2021-12-13"; VariantName = "[No Variations]"
Add component (AddParameter): Name = "Revision"; Value = "V1.2"; VariantName = "[No Variations]"
Add component (AddParameter): Name = "Tolerance"; Value = "¡À10%"; VariantName = "[No Variations]"
Add component (AddParameter): Name = "Type"; Value = "X7R"; VariantName = "[No Variations]"
Add component (AddParameter): Name = "Value"; Value = "100nF"; VariantName = "[No Variations]"
Add component (AddParameter): Name = "Voltage"; Value = "50V"; VariantName = "[No Variations]"
Added Component: Designator=D2(SMA[DO-214AC])
Add component (AddParameter): Name = "Imax"; Value = "500mA"; VariantName = "[No Variations]"
Add component (AddParameter): Name = "Initial Voltage"; Value = ""; VariantName = "[No Variations]"
Add component (AddParameter): Name = "Price(RMB)"; Value = "0.000"; VariantName = "[No Variations]"
Add component (AddParameter): Name = "Published"; Value = "8-Jun-2000"; VariantName = "[No Variations]"
Add component (AddParameter): Name = "Publisher"; Value = "Altium Limited"; VariantName = "[No Variations]"
Add component (AddParameter): Name = "Revision"; Value = "July-2002: Re-released for DXP Platform."; VariantName = "[No Variations]"
Add component (AddParameter): Name = "Temperature"; Value = ""; VariantName = "[No Variations]"
Added Component: Designator=DCOUT1(KF/WJ/DG 301-2p-5.0mm)
Added Component: Designator=DCOUT2(KF/WJ/DG 301-2p-5.0mm)
Added Component: Designator=L1(0630 TPC 7*7*3)
Add component (AddParameter): Name = "DCR"; Value = ".5m"; VariantName = "[No Variations]"
Add component (AddParameter): Name = "Imax"; Value = "5A"; VariantName = "[No Variations]"
Add component (AddParameter): Name = "Price(RMB)"; Value = "0.000"; VariantName = "[No Variations]"
Add component (AddParameter): Name = "Published"; Value = "8-Jun-2000"; VariantName = "[No Variations]"
Add component (AddParameter): Name = "Publisher"; Value = "Altium Limited"; VariantName = "[No Variations]"
Add component (AddParameter): Name = "Revision"; Value = "July-2002: Re-released for DXP Platform."; VariantName = "[No Variations]"
Add component (AddParameter): Name = "Value"; Value = "4.7uH"; VariantName = "[No Variations]"
Added Component: Designator=L?(0630 TPC 7*7*3)
Add component (AddParameter): Name = "DCR"; Value = ".5m"; VariantName = "[No Variations]"
Add component (AddParameter): Name = "Imax"; Value = "5A"; VariantName = "[No Variations]"
Add component (AddParameter): Name = "Price(RMB)"; Value = "0.000"; VariantName = "[No Variations]"
Add component (AddParameter): Name = "Published"; Value = "8-Jun-2000"; VariantName = "[No Variations]"
Add component (AddParameter): Name = "Publisher"; Value = "Altium Limited"; VariantName = "[No Variations]"
Add component (AddParameter): Name = "Revision"; Value = "July-2002: Re-released for DXP Platform."; VariantName = "[No Variations]"
Add component (AddParameter): Name = "Value"; Value = "4.7uH"; VariantName = "[No Variations]"
Added Component: Designator=LED3v3(LEDC1608(0603))
Add component (AddParameter): Name = "PartNumber"; Value = ""; VariantName = "[No Variations]"
Add component (AddParameter): Name = "Price(RMB)"; Value = "0.00"; VariantName = "[No Variations]"
Add component (AddParameter): Name = "Published"; Value = "8-Jun-2000"; VariantName = "[No Variations]"
Add component (AddParameter): Name = "Publisher"; Value = "Altium Limited"; VariantName = "[No Variations]"
Add component (AddParameter): Name = "Revision"; Value = "July-2002: Re-released for DXP Platform."; VariantName = "[No Variations]"
Added Component: Designator=LED5V(LEDC1608(0603))
Add component (AddParameter): Name = "PartNumber"; Value = ""; VariantName = "[No Variations]"
Add component (AddParameter): Name = "Price(RMB)"; Value = "0.00"; VariantName = "[No Variations]"
Add component (AddParameter): Name = "Published"; Value = "8-Jun-2000"; VariantName = "[No Variations]"
Add component (AddParameter): Name = "Publisher"; Value = "Altium Limited"; VariantName = "[No Variations]"
Add component (AddParameter): Name = "Revision"; Value = "July-2002: Re-released for DXP Platform."; VariantName = "[No Variations]"
Added Component: Designator=LEDCAM(LEDC1608(0603))
Add component (AddParameter): Name = "PartNumber"; Value = ""; VariantName = "[No Variations]"
Add component (AddParameter): Name = "Price(RMB)"; Value = "0.00"; VariantName = "[No Variations]"
Add component (AddParameter): Name = "Published"; Value = "8-Jun-2000"; VariantName = "[No Variations]"
Add component (AddParameter): Name = "Publisher"; Value = "Altium Limited"; VariantName = "[No Variations]"
Add component (AddParameter): Name = "Revision"; Value = "July-2002: Re-released for DXP Platform."; VariantName = "[No Variations]"
Added Component: Designator=LEDOP(LEDC1608(0603))
Add component (AddParameter): Name = "PartNumber"; Value = ""; VariantName = "[No Variations]"
Add component (AddParameter): Name = "Price(RMB)"; Value = "0.00"; VariantName = "[No Variations]"
Add component (AddParameter): Name = "Published"; Value = "8-Jun-2000"; VariantName = "[No Variations]"
Add component (AddParameter): Name = "Publisher"; Value = "Altium Limited"; VariantName = "[No Variations]"
Add component (AddParameter): Name = "Revision"; Value = "July-2002: Re-released for DXP Platform."; VariantName = "[No Variations]"
Added Component: Designator=LEDSteer(LEDC1608(0603))
Add component (AddParameter): Name = "PartNumber"; Value = ""; VariantName = "[No Variations]"
Add component (AddParameter): Name = "Price(RMB)"; Value = "0.00"; VariantName = "[No Variations]"
Add component (AddParameter): Name = "Published"; Value = "8-Jun-2000"; VariantName = "[No Variations]"
Add component (AddParameter): Name = "Publisher"; Value = "Altium Limited"; VariantName = "[No Variations]"
Add component (AddParameter): Name = "Revision"; Value = "July-2002: Re-released for DXP Platform."; VariantName = "[No Variations]"
Added Component: Designator=P1(HDR2X3-M-SMT)
Add component (AddParameter): Name = "LatestRevisionDate"; Value = "17-Jul-2002"; VariantName = "[No Variations]"
Add component (AddParameter): Name = "LatestRevisionNote"; Value = "Re-released for DXP Platform."; VariantName = "[No Variations]"
Add component (AddParameter): Name = "Price(RMB)"; Value = "0.00"; VariantName = "[No Variations]"
Add component (AddParameter): Name = "Publisher"; Value = "Altium Limited"; VariantName = "[No Variations]"
Added Component: Designator=P2(HDR2X3-M-SMT)
Add component (AddParameter): Name = "LatestRevisionDate"; Value = "17-Jul-2002"; VariantName = "[No Variations]"
Add component (AddParameter): Name = "LatestRevisionNote"; Value = "Re-released for DXP Platform."; VariantName = "[No Variations]"
Add component (AddParameter): Name = "Price(RMB)"; Value = "0.00"; VariantName = "[No Variations]"
Add component (AddParameter): Name = "Publisher"; Value = "Altium Limited"; VariantName = "[No Variations]"
Added Component: Designator=P6(HDR2X3-M-SMT)
Add component (AddParameter): Name = "LatestRevisionDate"; Value = "17-Jul-2002"; VariantName = "[No Variations]"
Add component (AddParameter): Name = "LatestRevisionNote"; Value = "Re-released for DXP Platform."; VariantName = "[No Variations]"
Add component (AddParameter): Name = "Price(RMB)"; Value = "0.00"; VariantName = "[No Variations]"
Add component (AddParameter): Name = "Publisher"; Value = "Altium Limited"; VariantName = "[No Variations]"
Added Component: Designator=P7(HDR2X3-M-SMT)
Add component (AddParameter): Name = "LatestRevisionDate"; Value = "17-Jul-2002"; VariantName = "[No Variations]"
Add component (AddParameter): Name = "LatestRevisionNote"; Value = "Re-released for DXP Platform."; VariantName = "[No Variations]"
Add component (AddParameter): Name = "Price(RMB)"; Value = "0.00"; VariantName = "[No Variations]"
Add component (AddParameter): Name = "Publisher"; Value = "Altium Limited"; VariantName = "[No Variations]"
Added Component: Designator=P8(HDR2X3-M-SMT)
Add component (AddParameter): Name = "LatestRevisionDate"; Value = "17-Jul-2002"; VariantName = "[No Variations]"
Add component (AddParameter): Name = "LatestRevisionNote"; Value = "Re-released for DXP Platform."; VariantName = "[No Variations]"
Add component (AddParameter): Name = "Price(RMB)"; Value = "0.00"; VariantName = "[No Variations]"
Add component (AddParameter): Name = "Publisher"; Value = "Altium Limited"; VariantName = "[No Variations]"
Added Component: Designator=P9(HDR2X3-M-SMT)
Add component (AddParameter): Name = "LatestRevisionDate"; Value = "17-Jul-2002"; VariantName = "[No Variations]"
Add component (AddParameter): Name = "LatestRevisionNote"; Value = "Re-released for DXP Platform."; VariantName = "[No Variations]"
Add component (AddParameter): Name = "Price(RMB)"; Value = "0.00"; VariantName = "[No Variations]"
Add component (AddParameter): Name = "Publisher"; Value = "Altium Limited"; VariantName = "[No Variations]"
Added Component: Designator=P18(HDR1X3)
Add component (AddParameter): Name = "LatestRevisionDate"; Value = "17-Jul-2002"; VariantName = "[No Variations]"
Add component (AddParameter): Name = "LatestRevisionNote"; Value = "Re-released for DXP Platform."; VariantName = "[No Variations]"
Add component (AddParameter): Name = "Price(RMB)"; Value = "0.00"; VariantName = "[No Variations]"
Add component (AddParameter): Name = "Publisher"; Value = "Altium Limited"; VariantName = "[No Variations]"
Added Component: Designator=R3(RESC1608[0603]S-N)
Add component (AddParameter): Name = "Published"; Value = "8-Jun-2000"; VariantName = "[No Variations]"
Add component (AddParameter): Name = "Revision"; Value = "July-2002: Re-released for DXP Platform."; VariantName = "[No Variations]"
Add component (AddParameter): Name = "Tolerance"; Value = "¡À1%"; VariantName = "[No Variations]"
Add component (AddParameter): Name = "Value"; Value = "200K"; VariantName = "[No Variations]"
Added Component: Designator=R4(RESC1608[0603]S-N)
Add component (AddParameter): Name = "Published"; Value = "8-Jun-2000"; VariantName = "[No Variations]"
Add component (AddParameter): Name = "Revision"; Value = "July-2002: Re-released for DXP Platform."; VariantName = "[No Variations]"
Add component (AddParameter): Name = "Tolerance"; Value = "¡À1%"; VariantName = "[No Variations]"
Add component (AddParameter): Name = "Value"; Value = "20K"; VariantName = "[No Variations]"
Added Component: Designator=R5(RESC1608[0603]S-N)
Add component (AddParameter): Name = "Published"; Value = "8-Jun-2000"; VariantName = "[No Variations]"
Add component (AddParameter): Name = "Revision"; Value = "July-2002: Re-released for DXP Platform."; VariantName = "[No Variations]"
Add component (AddParameter): Name = "Tolerance"; Value = "¡À1%"; VariantName = "[No Variations]"
Add component (AddParameter): Name = "Value"; Value = "15K"; VariantName = "[No Variations]"
Added Component: Designator=R6(RESPOT3296)
Add component (AddParameter): Name = "Value"; Value = "10K"; VariantName = "[No Variations]"
Added Component: Designator=R7(RESC1608[0603]S-N)
Add component (AddParameter): Name = "Published"; Value = "8-Jun-2000"; VariantName = "[No Variations]"
Add component (AddParameter): Name = "Revision"; Value = "July-2002: Re-released for DXP Platform."; VariantName = "[No Variations]"
Add component (AddParameter): Name = "Tolerance"; Value = "¡À1%"; VariantName = "[No Variations]"
Add component (AddParameter): Name = "Value"; Value = "3.3K"; VariantName = "[No Variations]"
Added Component: Designator=R8(RESC1608[0603]S-N)
Add component (AddParameter): Name = "Published"; Value = "8-Jun-2000"; VariantName = "[No Variations]"
Add component (AddParameter): Name = "Revision"; Value = "July-2002: Re-released for DXP Platform."; VariantName = "[No Variations]"
Add component (AddParameter): Name = "Tolerance"; Value = "¡À1%"; VariantName = "[No Variations]"
Add component (AddParameter): Name = "Value"; Value = "10K"; VariantName = "[No Variations]"
Added Component: Designator=R9(RESC1608[0603]S-N)
Add component (AddParameter): Name = "Published"; Value = "8-Jun-2000"; VariantName = "[No Variations]"
Add component (AddParameter): Name = "Revision"; Value = "July-2002: Re-released for DXP Platform."; VariantName = "[No Variations]"
Add component (AddParameter): Name = "Tolerance"; Value = "¡À1%"; VariantName = "[No Variations]"
Add component (AddParameter): Name = "Value"; Value = "100R"; VariantName = "[No Variations]"
Added Component: Designator=R10(RESC1608[0603]S-N)
Add component (AddParameter): Name = "Published"; Value = "8-Jun-2000"; VariantName = "[No Variations]"
Add component (AddParameter): Name = "Revision"; Value = "July-2002: Re-released for DXP Platform."; VariantName = "[No Variations]"
Add component (AddParameter): Name = "Tolerance"; Value = "¡À1%"; VariantName = "[No Variations]"
Add component (AddParameter): Name = "Value"; Value = "2.7K"; VariantName = "[No Variations]"
Added Component: Designator=R12(RESC1608[0603]S-N)
Add component (AddParameter): Name = "Published"; Value = "8-Jun-2000"; VariantName = "[No Variations]"
Add component (AddParameter): Name = "Revision"; Value = "July-2002: Re-released for DXP Platform."; VariantName = "[No Variations]"
Add component (AddParameter): Name = "Tolerance"; Value = "¡À1%"; VariantName = "[No Variations]"
Add component (AddParameter): Name = "Value"; Value = "2.7K"; VariantName = "[No Variations]"
Added Component: Designator=R13(RESC1608[0603]S-N)
Add component (AddParameter): Name = "Published"; Value = "8-Jun-2000"; VariantName = "[No Variations]"
Add component (AddParameter): Name = "Revision"; Value = "July-2002: Re-released for DXP Platform."; VariantName = "[No Variations]"
Add component (AddParameter): Name = "Tolerance"; Value = "¡À1%"; VariantName = "[No Variations]"
Add component (AddParameter): Name = "Value"; Value = "2.7K"; VariantName = "[No Variations]"
Added Component: Designator=R39(RESC1608[0603]S-N)
Add component (AddParameter): Name = "Published"; Value = "8-Jun-2000"; VariantName = "[No Variations]"
Add component (AddParameter): Name = "Revision"; Value = "July-2002: Re-released for DXP Platform."; VariantName = "[No Variations]"
Add component (AddParameter): Name = "Tolerance"; Value = "¡À1%"; VariantName = "[No Variations]"
Add component (AddParameter): Name = "Value"; Value = "100R"; VariantName = "[No Variations]"
Added Component: Designator=R40(RESC1608[0603]S-N)
Add component (AddParameter): Name = "Published"; Value = "8-Jun-2000"; VariantName = "[No Variations]"
Add component (AddParameter): Name = "Revision"; Value = "July-2002: Re-released for DXP Platform."; VariantName = "[No Variations]"
Add component (AddParameter): Name = "Tolerance"; Value = "¡À1%"; VariantName = "[No Variations]"
Add component (AddParameter): Name = "Value"; Value = "100R"; VariantName = "[No Variations]"
Added Component: Designator=R41(RESC1608[0603]S-N)
Add component (AddParameter): Name = "Published"; Value = "8-Jun-2000"; VariantName = "[No Variations]"
Add component (AddParameter): Name = "Revision"; Value = "July-2002: Re-released for DXP Platform."; VariantName = "[No Variations]"
Add component (AddParameter): Name = "Tolerance"; Value = "¡À1%"; VariantName = "[No Variations]"
Add component (AddParameter): Name = "Value"; Value = "100R"; VariantName = "[No Variations]"
Added Component: Designator=R42(RESC1608[0603]S-N)
Add component (AddParameter): Name = "Published"; Value = "8-Jun-2000"; VariantName = "[No Variations]"
Add component (AddParameter): Name = "Revision"; Value = "July-2002: Re-released for DXP Platform."; VariantName = "[No Variations]"
Add component (AddParameter): Name = "Tolerance"; Value = "¡À1%"; VariantName = "[No Variations]"
Add component (AddParameter): Name = "Value"; Value = "100R"; VariantName = "[No Variations]"
Added Component: Designator=R43(RESC1608[0603]S-N)
Add component (AddParameter): Name = "Published"; Value = "8-Jun-2000"; VariantName = "[No Variations]"
Add component (AddParameter): Name = "Revision"; Value = "July-2002: Re-released for DXP Platform."; VariantName = "[No Variations]"
Add component (AddParameter): Name = "Tolerance"; Value = "¡À1%"; VariantName = "[No Variations]"
Add component (AddParameter): Name = "Value"; Value = "100R"; VariantName = "[No Variations]"
Added Component: Designator=R44(RESC1608[0603]S-N)
Add component (AddParameter): Name = "Published"; Value = "8-Jun-2000"; VariantName = "[No Variations]"
Add component (AddParameter): Name = "Revision"; Value = "July-2002: Re-released for DXP Platform."; VariantName = "[No Variations]"
Add component (AddParameter): Name = "Tolerance"; Value = "¡À1%"; VariantName = "[No Variations]"
Add component (AddParameter): Name = "Value"; Value = "100R"; VariantName = "[No Variations]"
Added Component: Designator=R45(RESC1608[0603]S-N)
Add component (AddParameter): Name = "Published"; Value = "8-Jun-2000"; VariantName = "[No Variations]"
Add component (AddParameter): Name = "Revision"; Value = "July-2002: Re-released for DXP Platform."; VariantName = "[No Variations]"
Add component (AddParameter): Name = "Tolerance"; Value = "¡À1%"; VariantName = "[No Variations]"
Add component (AddParameter): Name = "Value"; Value = "100R"; VariantName = "[No Variations]"
Added Component: Designator=R46(RESC1608[0603]S-N)
Add component (AddParameter): Name = "Published"; Value = "8-Jun-2000"; VariantName = "[No Variations]"
Add component (AddParameter): Name = "Revision"; Value = "July-2002: Re-released for DXP Platform."; VariantName = "[No Variations]"
Add component (AddParameter): Name = "Tolerance"; Value = "¡À1%"; VariantName = "[No Variations]"
Add component (AddParameter): Name = "Value"; Value = "100R"; VariantName = "[No Variations]"
Added Component: Designator=R?(RESC1608[0603]S-N)
Add component (AddParameter): Name = "Published"; Value = "8-Jun-2000"; VariantName = "[No Variations]"
Add component (AddParameter): Name = "Revision"; Value = "July-2002: Re-released for DXP Platform."; VariantName = "[No Variations]"
Add component (AddParameter): Name = "Tolerance"; Value = "¡À1%"; VariantName = "[No Variations]"
Add component (AddParameter): Name = "Value"; Value = "2.7K"; VariantName = "[No Variations]"
Added Component: Designator=R?(RESC1608[0603]S-N)
Add component (AddParameter): Name = "Published"; Value = "8-Jun-2000"; VariantName = "[No Variations]"
Add component (AddParameter): Name = "Revision"; Value = "July-2002: Re-released for DXP Platform."; VariantName = "[No Variations]"
Add component (AddParameter): Name = "Tolerance"; Value = "¡À1%"; VariantName = "[No Variations]"
Add component (AddParameter): Name = "Value"; Value = "30K"; VariantName = "[No Variations]"
Added Component: Designator=R?(RESC1608[0603]S-N)
Add component (AddParameter): Name = "Published"; Value = "8-Jun-2000"; VariantName = "[No Variations]"
Add component (AddParameter): Name = "Revision"; Value = "July-2002: Re-released for DXP Platform."; VariantName = "[No Variations]"
Add component (AddParameter): Name = "Tolerance"; Value = "¡À1%"; VariantName = "[No Variations]"
Add component (AddParameter): Name = "Value"; Value = "200K"; VariantName = "[No Variations]"
Added Component: Designator=R?(RESC1608[0603]S-N)
Add component (AddParameter): Name = "Published"; Value = "8-Jun-2000"; VariantName = "[No Variations]"
Add component (AddParameter): Name = "Revision"; Value = "July-2002: Re-released for DXP Platform."; VariantName = "[No Variations]"
Add component (AddParameter): Name = "Tolerance"; Value = "¡À1%"; VariantName = "[No Variations]"
Add component (AddParameter): Name = "Value"; Value = "2.7K"; VariantName = "[No Variations]"
Added Component: Designator=R?(RESC1608[0603]S-N)
Add component (AddParameter): Name = "Published"; Value = "8-Jun-2000"; VariantName = "[No Variations]"
Add component (AddParameter): Name = "Revision"; Value = "July-2002: Re-released for DXP Platform."; VariantName = "[No Variations]"
Add component (AddParameter): Name = "Tolerance"; Value = "¡À1%"; VariantName = "[No Variations]"
Add component (AddParameter): Name = "Value"; Value = "10R"; VariantName = "[No Variations]"
Added Component: Designator=R?(RESC1608[0603]S-N)
Add component (AddParameter): Name = "Published"; Value = "8-Jun-2000"; VariantName = "[No Variations]"
Add component (AddParameter): Name = "Revision"; Value = "July-2002: Re-released for DXP Platform."; VariantName = "[No Variations]"
Add component (AddParameter): Name = "Tolerance"; Value = "¡À1%"; VariantName = "[No Variations]"
Add component (AddParameter): Name = "Value"; Value = "100R"; VariantName = "[No Variations]"
Added Component: Designator=R?(RESC1608[0603]S-N)
Add component (AddParameter): Name = "Published"; Value = "8-Jun-2000"; VariantName = "[No Variations]"
Add component (AddParameter): Name = "Revision"; Value = "July-2002: Re-released for DXP Platform."; VariantName = "[No Variations]"
Add component (AddParameter): Name = "Tolerance"; Value = "¡À1%"; VariantName = "[No Variations]"
Add component (AddParameter): Name = "Value"; Value = "20K"; VariantName = "[No Variations]"
Added Component: Designator=R?(RESC1608[0603]S-N)
Add component (AddParameter): Name = "Published"; Value = "8-Jun-2000"; VariantName = "[No Variations]"
Add component (AddParameter): Name = "Revision"; Value = "July-2002: Re-released for DXP Platform."; VariantName = "[No Variations]"
Add component (AddParameter): Name = "Tolerance"; Value = "¡À1%"; VariantName = "[No Variations]"
Add component (AddParameter): Name = "Value"; Value = "470R"; VariantName = "[No Variations]"
Added Component: Designator=R?(RESC1608[0603]S-N)
Add component (AddParameter): Name = "Published"; Value = "8-Jun-2000"; VariantName = "[No Variations]"
Add component (AddParameter): Name = "Revision"; Value = "July-2002: Re-released for DXP Platform."; VariantName = "[No Variations]"
Add component (AddParameter): Name = "Tolerance"; Value = "¡À1%"; VariantName = "[No Variations]"
Add component (AddParameter): Name = "Value"; Value = "1K"; VariantName = "[No Variations]"
Added Component: Designator=R?(RESC1608[0603]S-N)
Add component (AddParameter): Name = "Published"; Value = "8-Jun-2000"; VariantName = "[No Variations]"
Add component (AddParameter): Name = "Revision"; Value = "July-2002: Re-released for DXP Platform."; VariantName = "[No Variations]"
Add component (AddParameter): Name = "Tolerance"; Value = "¡À1%"; VariantName = "[No Variations]"
Add component (AddParameter): Name = "Value"; Value = "10K"; VariantName = "[No Variations]"
Added Component: Designator=R?(RESC1608[0603]S-N)
Add component (AddParameter): Name = "Published"; Value = "8-Jun-2000"; VariantName = "[No Variations]"
Add component (AddParameter): Name = "Revision"; Value = "July-2002: Re-released for DXP Platform."; VariantName = "[No Variations]"
Add component (AddParameter): Name = "Tolerance"; Value = "¡À1%"; VariantName = "[No Variations]"
Add component (AddParameter): Name = "Value"; Value = "3.3K"; VariantName = "[No Variations]"
Added Component: Designator=R?(RESC1608[0603]S-N)
Add component (AddParameter): Name = "Published"; Value = "8-Jun-2000"; VariantName = "[No Variations]"
Add component (AddParameter): Name = "Revision"; Value = "July-2002: Re-released for DXP Platform."; VariantName = "[No Variations]"
Add component (AddParameter): Name = "Tolerance"; Value = "¡À1%"; VariantName = "[No Variations]"
Add component (AddParameter): Name = "Value"; Value = "15K"; VariantName = "[No Variations]"
Added Component: Designator=R?(RESC1608[0603]S-N)
Add component (AddParameter): Name = "Published"; Value = "8-Jun-2000"; VariantName = "[No Variations]"
Add component (AddParameter): Name = "Revision"; Value = "July-2002: Re-released for DXP Platform."; VariantName = "[No Variations]"
Add component (AddParameter): Name = "Tolerance"; Value = "¡À1%"; VariantName = "[No Variations]"
Add component (AddParameter): Name = "Value"; Value = "4.7K"; VariantName = "[No Variations]"
Added Component: Designator=U1(TC264_CoreBoard)
Added Component: Designator=U2(SOP-8E)
Added Component: Designator=U3(TO-263-3)
Added Component: Designator=U4(SOT-23-5)
Added Component: Designator=U5(SOT-23-5)
Added Component: Designator=U6(SOT-23-5)
Added Pin To Net: NetName=GND Pin=C1-2
Added Pin To Net: NetName=GND Pin=C2-1
Added Pin To Net: NetName=GND Pin=C3-1
Added Pin To Net: NetName=GND Pin=C5-1
Added Pin To Net: NetName=GND Pin=C6-2
Added Pin To Net: NetName=GND Pin=C7-1
Added Pin To Net: NetName=GND Pin=C9-2
Added Pin To Net: NetName=GND Pin=C10-1
Added Pin To Net: NetName=GND Pin=C11-2
Added Pin To Net: NetName=GND Pin=C12-1
Added Pin To Net: NetName=GND Pin=C13-2
Added Pin To Net: NetName=GND Pin=C14-2
Added Pin To Net: NetName=GND Pin=C15-2
Added Pin To Net: NetName=GND Pin=C16-2
Added Pin To Net: NetName=GND Pin=C17-1
Added Pin To Net: NetName=GND Pin=C18-1
Added Pin To Net: NetName=GND Pin=C19-2
Added Pin To Net: NetName=GND Pin=C20-1
Added Pin To Net: NetName=GND Pin=C21¡¢-1
Added Pin To Net: NetName=GND Pin=C22-1
Added Pin To Net: NetName=GND Pin=C23-2
Added Pin To Net: NetName=GND Pin=C24-1
Added Pin To Net: NetName=GND Pin=DCOUT1-2
Added Pin To Net: NetName=GND Pin=DCOUT2-2
Added Pin To Net: NetName=GND Pin=LED3v3-C
Added Pin To Net: NetName=GND Pin=LED5V-C
Added Pin To Net: NetName=GND Pin=LEDCAM-C
Added Pin To Net: NetName=GND Pin=LEDOP-C
Added Pin To Net: NetName=GND Pin=LEDSteer-C
Added Pin To Net: NetName=GND Pin=P1-3
Added Pin To Net: NetName=GND Pin=P1-4
Added Pin To Net: NetName=GND Pin=P2-3
Added Pin To Net: NetName=GND Pin=P2-4
Added Pin To Net: NetName=GND Pin=P6-1
Added Pin To Net: NetName=GND Pin=P7-1
Added Pin To Net: NetName=GND Pin=P8-1
Added Pin To Net: NetName=GND Pin=P9-1
Added Pin To Net: NetName=GND Pin=P18-3
Added Pin To Net: NetName=GND Pin=R3-1
Added Pin To Net: NetName=GND Pin=R7-1
Added Pin To Net: NetName=GND Pin=U1-1
Added Pin To Net: NetName=VCC Pin=U1-2
Added Pin To Net: NetName=GND Pin=U1-3
Added Pin To Net: NetName=VCC Pin=U1-4
Added Pin To Net: NetName=GND Pin=U2-0
Added Pin To Net: NetName=GND Pin=U2-7
Added Pin To Net: NetName=GND Pin=U3-2
Added Pin To Net: NetName=GND Pin=U3-2
Added Pin To Net: NetName=GND Pin=U4-2
Added Pin To Net: NetName=GND Pin=U5-2
Added Pin To Net: NetName=GND Pin=U6-2
Added Pin To Net: NetName=00.0 Pin=U1-99
Added Net: Name=00.0
Added Pin To Net: NetName=00.1 Pin=U1-100
Added Net: Name=00.1
Added Pin To Net: NetName=00.2 Pin=U1-101
Added Net: Name=00.2
Added Pin To Net: NetName=00.3 Pin=U1-102
Added Net: Name=00.3
Added Pin To Net: NetName=00.4 Pin=U1-103
Added Net: Name=00.4
Added Pin To Net: NetName=00.5 Pin=U1-104
Added Net: Name=00.5
Added Pin To Net: NetName=00.6 Pin=U1-105
Added Net: Name=00.6
Added Pin To Net: NetName=00.7 Pin=U1-106
Added Net: Name=00.7
Added Pin To Net: NetName=00.9 Pin=P8-4
Added Pin To Net: NetName=00.9 Pin=U1-108
Added Net: Name=00.9
Added Pin To Net: NetName=02.0 Pin=U1-90
Added Net: Name=02.0
Added Pin To Net: NetName=02.1 Pin=U1-91
Added Net: Name=02.1
Added Pin To Net: NetName=02.2 Pin=U1-92
Added Net: Name=02.2
Added Pin To Net: NetName=02.3 Pin=U1-93
Added Net: Name=02.3
Added Pin To Net: NetName=02.4 Pin=R41-1
Added Pin To Net: NetName=02.4 Pin=U1-94
Added Net: Name=02.4
Added Pin To Net: NetName=02.5 Pin=R42-2
Added Pin To Net: NetName=02.5 Pin=U1-95
Added Net: Name=02.5
Added Pin To Net: NetName=02.6 Pin=R45-1
Added Pin To Net: NetName=02.6 Pin=U1-96
Added Net: Name=02.6
Added Pin To Net: NetName=02.7 Pin=R46-2
Added Pin To Net: NetName=02.7 Pin=U1-97
Added Net: Name=02.7
Added Pin To Net: NetName=02.8 Pin=P8-3
Added Pin To Net: NetName=02.8 Pin=U1-98
Added Net: Name=02.8
Added Pin To Net: NetName=10.1 Pin=P7-4
Added Pin To Net: NetName=10.1 Pin=R43-1
Added Pin To Net: NetName=10.1 Pin=U1-85
Added Net: Name=10.1
Added Pin To Net: NetName=10.2 Pin=U1-86
Added Net: Name=10.2
Added Pin To Net: NetName=10.3 Pin=P7-3
Added Pin To Net: NetName=10.3 Pin=R44-2
Added Pin To Net: NetName=10.3 Pin=U1-87
Added Net: Name=10.3
Added Pin To Net: NetName=10.5 Pin=U1-88
Added Net: Name=10.5
Added Pin To Net: NetName=10.6 Pin=U1-89
Added Net: Name=10.6
Added Pin To Net: NetName=11.9 Pin=U1-81
Added Net: Name=11.9
Added Pin To Net: NetName=11.10 Pin=U1-82
Added Net: Name=11.10
Added Pin To Net: NetName=11.11 Pin=U1-83
Added Net: Name=11.11
Added Pin To Net: NetName=11.12 Pin=U1-84
Added Net: Name=11.12
Added Pin To Net: NetName=13.0 Pin=U1-74
Added Net: Name=13.0
Added Pin To Net: NetName=13.1 Pin=U1-75
Added Net: Name=13.1
Added Pin To Net: NetName=13.2 Pin=U1-76
Added Net: Name=13.2
Added Pin To Net: NetName=13.3 Pin=U1-77
Added Net: Name=13.3
Added Pin To Net: NetName=14.0 Pin=U1-67
Added Net: Name=14.0
Added Pin To Net: NetName=14.1 Pin=U1-68
Added Net: Name=14.1
Added Pin To Net: NetName=15.0 Pin=U1-58
Added Net: Name=15.0
Added Pin To Net: NetName=15.1 Pin=U1-59
Added Net: Name=15.1
Added Pin To Net: NetName=15.2 Pin=U1-60
Added Net: Name=15.2
Added Pin To Net: NetName=15.3 Pin=U1-61
Added Net: Name=15.3
Added Pin To Net: NetName=15.4 Pin=U1-62
Added Net: Name=15.4
Added Pin To Net: NetName=15.5 Pin=U1-63
Added Net: Name=15.5
Added Pin To Net: NetName=20.0 Pin=P9-4
Added Pin To Net: NetName=20.0 Pin=U1-44
Added Net: Name=20.0
Added Pin To Net: NetName=20.3 Pin=P9-3
Added Pin To Net: NetName=20.3 Pin=U1-46
Added Net: Name=20.3
Added Pin To Net: NetName=20.11 Pin=U1-54
Added Net: Name=20.11
Added Pin To Net: NetName=20.12 Pin=U1-55
Added Net: Name=20.12
Added Pin To Net: NetName=20.13 Pin=U1-56
Added Net: Name=20.13
Added Pin To Net: NetName=20.14 Pin=U1-57
Added Net: Name=20.14
Added Pin To Net: NetName=21.2 Pin=U1-38
Added Net: Name=21.2
Added Pin To Net: NetName=21.3 Pin=U1-39
Added Net: Name=21.3
Added Pin To Net: NetName=21.4 Pin=U1-40
Added Net: Name=21.4
Added Pin To Net: NetName=21.5 Pin=U1-41
Added Net: Name=21.5
Added Pin To Net: NetName=22.0 Pin=U1-34
Added Net: Name=22.0
Added Pin To Net: NetName=22.1 Pin=U1-35
Added Net: Name=22.1
Added Pin To Net: NetName=22.2 Pin=U1-36
Added Net: Name=22.2
Added Pin To Net: NetName=22.3 Pin=U1-37
Added Net: Name=22.3
Added Pin To Net: NetName=32.4 Pin=U1-32
Added Net: Name=32.4
Added Pin To Net: NetName=33.6 Pin=P6-4
Added Pin To Net: NetName=33.6 Pin=R39-1
Added Pin To Net: NetName=33.6 Pin=U1-24
Added Net: Name=33.6
Added Pin To Net: NetName=33.7 Pin=P6-3
Added Pin To Net: NetName=33.7 Pin=R40-2
Added Pin To Net: NetName=33.7 Pin=U1-25
Added Net: Name=33.7
Added Pin To Net: NetName=33.9 Pin=R9-1
Added Pin To Net: NetName=33.9 Pin=U1-27
Added Net: Name=33.9
Added Pin To Net: NetName=33.10 Pin=U1-28
Added Net: Name=33.10
Added Pin To Net: NetName=33.12 Pin=U1-30
Added Net: Name=33.12
Added Pin To Net: NetName=33.13 Pin=U1-31
Added Net: Name=33.13
Added Pin To Net: NetName=A0 Pin=U1-21
Added Net: Name=A0
Added Pin To Net: NetName=A1 Pin=U1-20
Added Net: Name=A1
Added Pin To Net: NetName=A2 Pin=U1-19
Added Net: Name=A2
Added Pin To Net: NetName=A3 Pin=U1-18
Added Net: Name=A3
Added Pin To Net: NetName=A4 Pin=U1-17
Added Net: Name=A4
Added Pin To Net: NetName=A5 Pin=U1-16
Added Net: Name=A5
Added Pin To Net: NetName=A6 Pin=U1-15
Added Net: Name=A6
Added Pin To Net: NetName=A7 Pin=U1-14
Added Net: Name=A7
Added Pin To Net: NetName=A8 Pin=U1-13
Added Net: Name=A8
Added Pin To Net: NetName=A10 Pin=U1-12
Added Net: Name=A10
Added Pin To Net: NetName=A11 Pin=U1-11
Added Net: Name=A11
Added Pin To Net: NetName=A12 Pin=U1-10
Added Net: Name=A12
Added Pin To Net: NetName=A13 Pin=U1-9
Added Net: Name=A13
Added Pin To Net: NetName=A16 Pin=U1-8
Added Net: Name=A16
Added Pin To Net: NetName=A17 Pin=U1-7
Added Net: Name=A17
Added Pin To Net: NetName=A20 Pin=U1-6
Added Net: Name=A20
Added Pin To Net: NetName=A21 Pin=U1-5
Added Net: Name=A21
Added Pin To Net: NetName=NetC4_1 Pin=C4-1
Added Pin To Net: NetName=NetC4_1 Pin=U2-1
Added Net: Name=NetC4_1
Added Pin To Net: NetName=NetC4_2 Pin=C4-2
Added Pin To Net: NetName=NetC4_2 Pin=L1-1
Added Pin To Net: NetName=NetC4_2 Pin=U2-8
Added Net: Name=NetC4_2
Added Pin To Net: NetName=NetC7_2 Pin=C7-2
Added Pin To Net: NetName=NetC7_2 Pin=R4-2
Added Net: Name=NetC7_2
Added Pin To Net: NetName=NetC9_1 Pin=C9-1
Added Pin To Net: NetName=NetC9_1 Pin=C10-2
Added Pin To Net: NetName=NetC9_1 Pin=D2-K
Added Pin To Net: NetName=NetC9_1 Pin=U3-1
Added Net: Name=NetC9_1
Added Pin To Net: NetName=NetLED3v3_A Pin=LED3v3-A
Added Pin To Net: NetName=NetLED3v3_A Pin=R?-2
Added Net: Name=NetLED3v3_A
Added Pin To Net: NetName=NetLED5V_A Pin=LED5V-A
Added Pin To Net: NetName=NetLED5V_A Pin=R10-2
Added Net: Name=NetLED5V_A
Added Pin To Net: NetName=NetLEDCAM_A Pin=LEDCAM-A
Added Pin To Net: NetName=NetLEDCAM_A Pin=R12-2
Added Net: Name=NetLEDCAM_A
Added Pin To Net: NetName=NetLEDOP_A Pin=LEDOP-A
Added Pin To Net: NetName=NetLEDOP_A Pin=R13-2
Added Net: Name=NetLEDOP_A
Added Pin To Net: NetName=NetLEDSteer_A Pin=LEDSteer-A
Added Pin To Net: NetName=NetLEDSteer_A Pin=R8-1
Added Net: Name=NetLEDSteer_A
Added Pin To Net: NetName=NetP1_1 Pin=P1-1
Added Pin To Net: NetName=NetP1_1 Pin=R40-1
Added Net: Name=NetP1_1
Added Pin To Net: NetName=NetP1_2 Pin=P1-2
Added Pin To Net: NetName=NetP1_2 Pin=R42-1
Added Net: Name=NetP1_2
Added Pin To Net: NetName=NetP1_5 Pin=P1-5
Added Pin To Net: NetName=NetP1_5 Pin=R39-2
Added Net: Name=NetP1_5
Added Pin To Net: NetName=NetP1_6 Pin=P1-6
Added Pin To Net: NetName=NetP1_6 Pin=R41-2
Added Net: Name=NetP1_6
Added Pin To Net: NetName=NetP2_1 Pin=P2-1
Added Pin To Net: NetName=NetP2_1 Pin=R44-1
Added Net: Name=NetP2_1
Added Pin To Net: NetName=NetP2_2 Pin=P2-2
Added Pin To Net: NetName=NetP2_2 Pin=R46-1
Added Net: Name=NetP2_2
Added Pin To Net: NetName=NetP2_5 Pin=P2-5
Added Pin To Net: NetName=NetP2_5 Pin=R43-2
Added Net: Name=NetP2_5
Added Pin To Net: NetName=NetP2_6 Pin=P2-6
Added Pin To Net: NetName=NetP2_6 Pin=R45-2
Added Net: Name=NetP2_6
Added Pin To Net: NetName=NetP18_1 Pin=P18-1
Added Pin To Net: NetName=NetP18_1 Pin=R9-2
Added Net: Name=NetP18_1
Added Pin To Net: NetName=NetR3_2 Pin=R3-2
Added Pin To Net: NetName=NetR3_2 Pin=U2-4
Added Net: Name=NetR3_2
Added Pin To Net: NetName=NetR4_1 Pin=R4-1
Added Pin To Net: NetName=NetR4_1 Pin=U2-6
Added Net: Name=NetR4_1
Added Pin To Net: NetName=NetR5_1 Pin=R5-1
Added Pin To Net: NetName=NetR5_1 Pin=R6-1
Added Pin To Net: NetName=NetR5_1 Pin=R6-ADJ
Added Net: Name=NetR5_1
Added Pin To Net: NetName=NetR6_2 Pin=R6-2
Added Pin To Net: NetName=NetR6_2 Pin=R7-2
Added Pin To Net: NetName=NetR6_2 Pin=U2-5
Added Net: Name=NetR6_2
Added Pin To Net: NetName=VCC3V3 Pin=C15-1
Added Pin To Net: NetName=VCC3V3 Pin=C16-1
Added Pin To Net: NetName=VCC3V3 Pin=P6-2
Added Pin To Net: NetName=VCC3V3 Pin=P7-2
Added Pin To Net: NetName=VCC3V3 Pin=P8-2
Added Pin To Net: NetName=VCC3V3 Pin=P9-2
Added Pin To Net: NetName=VCC3V3 Pin=R?-1
Added Pin To Net: NetName=VCC3V3 Pin=U4-5
Added Net: Name=VCC3V3
Added Pin To Net: NetName=VCC5V Pin=C11-1
Added Pin To Net: NetName=VCC5V Pin=C12-2
Added Pin To Net: NetName=VCC5V Pin=C13-1
Added Pin To Net: NetName=VCC5V Pin=C14-1
Added Pin To Net: NetName=VCC5V Pin=C17-2
Added Pin To Net: NetName=VCC5V Pin=C18-2
Added Pin To Net: NetName=VCC5V Pin=C21¡¢-2
Added Pin To Net: NetName=VCC5V Pin=C22-2
Added Pin To Net: NetName=VCC5V Pin=R10-1
Added Pin To Net: NetName=VCC5V Pin=U3-3
Added Pin To Net: NetName=VCC5V Pin=U4-1
Added Pin To Net: NetName=VCC5V Pin=U4-3
Added Pin To Net: NetName=VCC5V Pin=U5-1
Added Pin To Net: NetName=VCC5V Pin=U5-3
Added Pin To Net: NetName=VCC5V Pin=U6-1
Added Pin To Net: NetName=VCC5V Pin=U6-3
Added Net: Name=VCC5V
Added Pin To Net: NetName=VCCBAT Pin=C1-1
Added Pin To Net: NetName=VCCBAT Pin=C2-2
Added Pin To Net: NetName=VCCBAT Pin=C3-2
Added Pin To Net: NetName=VCCBAT Pin=D2-A
Added Pin To Net: NetName=VCCBAT Pin=DCOUT1-1
Added Pin To Net: NetName=VCCBAT Pin=DCOUT2-1
Added Pin To Net: NetName=VCCBAT Pin=Q1-1
Added Pin To Net: NetName=VCCBAT Pin=U2-2
Added Pin To Net: NetName=VCCBAT Pin=U2-3
Added Net: Name=VCCBAT
Added Pin To Net: NetName=VCCCAM Pin=C19-1
Added Pin To Net: NetName=VCCCAM Pin=C20-2
Added Pin To Net: NetName=VCCCAM Pin=R12-1
Added Pin To Net: NetName=VCCCAM Pin=U5-5
Added Net: Name=VCCCAM
Added Pin To Net: NetName=VCCOP Pin=C23-1
Added Pin To Net: NetName=VCCOP Pin=C24-2
Added Pin To Net: NetName=VCCOP Pin=R13-1
Added Pin To Net: NetName=VCCOP Pin=U6-5
Added Net: Name=VCCOP
Added Pin To Net: NetName=VCCSteer Pin=C5-2
Added Pin To Net: NetName=VCCSteer Pin=C6-1
Added Pin To Net: NetName=VCCSteer Pin=L1-2
Added Pin To Net: NetName=VCCSteer Pin=P18-2
Added Pin To Net: NetName=VCCSteer Pin=R5-2
Added Pin To Net: NetName=VCCSteer Pin=R8-2
Added Net: Name=VCCSteer
Added Member To Class: ClassName=Sheet1 Member=Component C1 220uF 16V
Added Member To Class: ClassName=Sheet1 Member=Component C2 4.7uF ¡À10% 50V
Added Member To Class: ClassName=Sheet1 Member=Component C3 100nF ¡À10% 50V
Added Member To Class: ClassName=Sheet1 Member=Component C4 100nF ¡À10% 50V
Added Member To Class: ClassName=Sheet1 Member=Component C5 47uF ¡À10% 50V
Added Member To Class: ClassName=Sheet1 Member=Component C6 220uF 16V
Added Member To Class: ClassName=Sheet1 Member=Component C7 4.7uF ¡À10% 50V
Added Member To Class: ClassName=Sheet1 Member=Component C9 100uF 25V
Added Member To Class: ClassName=Sheet1 Member=Component C10 100nF ¡À10% 50V
Added Member To Class: ClassName=Sheet1 Member=Component C11 220uF 16V
Added Member To Class: ClassName=Sheet1 Member=Component C12 100nF ¡À10% 50V
Added Member To Class: ClassName=Sheet1 Member=Component C13 10uF 16V
Added Member To Class: ClassName=Sheet1 Member=Component C14 100nF ¡À10% 50V
Added Member To Class: ClassName=Sheet1 Member=Component C15 100nF ¡À10% 50V
Added Member To Class: ClassName=Sheet1 Member=Component C16 100nF ¡À10% 50V
Added Member To Class: ClassName=Sheet1 Member=Component C17 10uF 16V
Added Member To Class: ClassName=Sheet1 Member=Component C18 100nF ¡À10% 50V
Added Member To Class: ClassName=Sheet1 Member=Component C19 10uF 16V
Added Member To Class: ClassName=Sheet1 Member=Component C20 100nF ¡À10% 50V
Added Member To Class: ClassName=Sheet1 Member=Component C21¡¢ 10uF 16V
Added Member To Class: ClassName=Sheet1 Member=Component C22 100nF ¡À10% 50V
Added Member To Class: ClassName=Sheet1 Member=Component C23 10uF 16V
Added Member To Class: ClassName=Sheet1 Member=Component C24 100nF ¡À10% 50V
Added Member To Class: ClassName=Sheet1 Member=Component C? 4.7nF ¡À10% 50V
Added Member To Class: ClassName=Sheet1 Member=Component C? 220uF 16V
Added Member To Class: ClassName=Sheet1 Member=Component C? 10uF 16V
Added Member To Class: ClassName=Sheet1 Member=Component C? 100uF 25V
Added Member To Class: ClassName=Sheet1 Member=Component C? 47uF ¡À10% 50V
Added Member To Class: ClassName=Sheet1 Member=Component C? 4.7uF ¡À10% 50V
Added Member To Class: ClassName=Sheet1 Member=Component C? 100nF ¡À10% 50V
Added Member To Class: ClassName=Sheet1 Member=Component D2 SS54
Added Member To Class: ClassName=Sheet1 Member=Component DCOUT1 KF/WJ/DG 30x connecter
Added Member To Class: ClassName=Sheet1 Member=Component DCOUT2 KF/WJ/DG 30x connecter
Added Member To Class: ClassName=Sheet1 Member=Component L1 4.7uH 5A
Added Member To Class: ClassName=Sheet1 Member=Component L? 4.7uH 5A
Added Member To Class: ClassName=Sheet1 Member=Component LED3v3 ´äÂÌÌùÆ¬LED
Added Member To Class: ClassName=Sheet1 Member=Component LED5V ´äÂÌÌùÆ¬LED
Added Member To Class: ClassName=Sheet1 Member=Component LEDCAM ´äÂÌÌùÆ¬LED
Added Member To Class: ClassName=Sheet1 Member=Component LEDOP ´äÂÌÌùÆ¬LED
Added Member To Class: ClassName=Sheet1 Member=Component LEDSteer ´äÂÌÌùÆ¬LED
Added Member To Class: ClassName=Sheet1 Member=Component P1 Header 3X2
Added Member To Class: ClassName=Sheet1 Member=Component P2 Header 3X2
Added Member To Class: ClassName=Sheet1 Member=Component P6 Header 3X2
Added Member To Class: ClassName=Sheet1 Member=Component P7 Header 3X2
Added Member To Class: ClassName=Sheet1 Member=Component P8 Header 3X2
Added Member To Class: ClassName=Sheet1 Member=Component P9 Header 3X2
Added Member To Class: ClassName=Sheet1 Member=Component P18 Header 3
Added Member To Class: ClassName=Sheet1 Member=Component R3 200K ¡À1%
Added Member To Class: ClassName=Sheet1 Member=Component R4 20K ¡À1%
Added Member To Class: ClassName=Sheet1 Member=Component R5 15K ¡À1%
Added Member To Class: ClassName=Sheet1 Member=Component R6 10K
Added Member To Class: ClassName=Sheet1 Member=Component R7 3.3K ¡À1%
Added Member To Class: ClassName=Sheet1 Member=Component R8 10K ¡À1%
Added Member To Class: ClassName=Sheet1 Member=Component R9 100R ¡À1%
Added Member To Class: ClassName=Sheet1 Member=Component R10 2.7K ¡À1%
Added Member To Class: ClassName=Sheet1 Member=Component R12 2.7K ¡À1%
Added Member To Class: ClassName=Sheet1 Member=Component R13 2.7K ¡À1%
Added Member To Class: ClassName=Sheet1 Member=Component R39 100R ¡À1%
Added Member To Class: ClassName=Sheet1 Member=Component R40 100R ¡À1%
Added Member To Class: ClassName=Sheet1 Member=Component R41 100R ¡À1%
Added Member To Class: ClassName=Sheet1 Member=Component R42 100R ¡À1%
Added Member To Class: ClassName=Sheet1 Member=Component R43 100R ¡À1%
Added Member To Class: ClassName=Sheet1 Member=Component R44 100R ¡À1%
Added Member To Class: ClassName=Sheet1 Member=Component R45 100R ¡À1%
Added Member To Class: ClassName=Sheet1 Member=Component R46 100R ¡À1%
Added Member To Class: ClassName=Sheet1 Member=Component R? 2.7K ¡À1%
Added Member To Class: ClassName=Sheet1 Member=Component R? 30K ¡À1%
Added Member To Class: ClassName=Sheet1 Member=Component R? 200K ¡À1%
Added Member To Class: ClassName=Sheet1 Member=Component R? 2.7K ¡À1%
Added Member To Class: ClassName=Sheet1 Member=Component R? 10R ¡À1%
Added Member To Class: ClassName=Sheet1 Member=Component R? 100R ¡À1%
Added Member To Class: ClassName=Sheet1 Member=Component R? 20K ¡À1%
Added Member To Class: ClassName=Sheet1 Member=Component R? 470R ¡À1%
Added Member To Class: ClassName=Sheet1 Member=Component R? 1K ¡À1%
Added Member To Class: ClassName=Sheet1 Member=Component R? 10K ¡À1%
Added Member To Class: ClassName=Sheet1 Member=Component R? 3.3K ¡À1%
Added Member To Class: ClassName=Sheet1 Member=Component R? 15K ¡À1%
Added Member To Class: ClassName=Sheet1 Member=Component R? 4.7K ¡À1%
Added Member To Class: ClassName=Sheet1 Member=Component U1 TC264_CoreBoard
Added Member To Class: ClassName=Sheet1 Member=Component U2 SCT2450
Added Member To Class: ClassName=Sheet1 Member=Component U3 SPX2940-5.0
Added Member To Class: ClassName=Sheet1 Member=Component U4 RT9013-33
Added Member To Class: ClassName=Sheet1 Member=Component U5 RT9013-33
Added Member To Class: ClassName=Sheet1 Member=Component U6 RT9013-33
