Added Component: Designator=D1(SOD-123-L)
Add component (AddParameter): Name = "Imax"; Value = "500mA"; VariantName = "[No Variations]"
Add component (AddParameter): Name = "Price(RMB)"; Value = "0.000"; VariantName = "[No Variations]"
Add component (AddParameter): Name = "Published"; Value = "8-Jun-2000"; VariantName = "[No Variations]"
Add component (AddParameter): Name = "Publisher"; Value = "Altium Limited"; VariantName = "[No Variations]"
Added Component: Designator=DCIN?(Wired T-Header ThroughHole)
Added Component: Designator=JP?(KF2510-LI-6P)
Add component (AddParameter): Name = "BOM名称"; Value = "6P接插件"; VariantName = "[No Variations]"
Add component (AddParameter): Name = "下单链接"; Value = "https://item.taobao.com/item.htm?ft=t&id=613637044352"; VariantName = "[No Variations]"
Add component (AddParameter): Name = "淘宝ID"; Value = "小糖豆的小窝窝"; VariantName = "[No Variations]"
Added Component: Designator=ON/OFF(SS12D10)
Add component (AddParameter): Name = "Price(RMB)"; Value = "0.000"; VariantName = "[No Variations]"
Add component (AddParameter): Name = "Published"; Value = "24-Mar-1999"; VariantName = "[No Variations]"
Add component (AddParameter): Name = "Publisher"; Value = "Altium Limited"; VariantName = "[No Variations]"
Added Component: Designator=Q1(TO-252AA)
Added Component: Designator=R1(RESC1608[0603]S-N)
Add component (AddParameter): Name = "Published"; Value = "8-Jun-2000"; VariantName = "[No Variations]"
Add component (AddParameter): Name = "Revision"; Value = "July-2002: Re-released for DXP Platform."; VariantName = "[No Variations]"
Add component (AddParameter): Name = "Tolerance"; Value = "±1%"; VariantName = "[No Variations]"
Add component (AddParameter): Name = "Value"; Value = "4.7K"; VariantName = "[No Variations]"
Added Component: Designator=R2(RESC1608[0603]S-N)
Add component (AddParameter): Name = "Published"; Value = "8-Jun-2000"; VariantName = "[No Variations]"
Add component (AddParameter): Name = "Revision"; Value = "July-2002: Re-released for DXP Platform."; VariantName = "[No Variations]"
Add component (AddParameter): Name = "Tolerance"; Value = "±1%"; VariantName = "[No Variations]"
Add component (AddParameter): Name = "Value"; Value = "1K"; VariantName = "[No Variations]"
Added Pin To Net: NetName=GND Pin=DCIN?-2
Added Pin To Net: NetName=GND Pin=R2-1
Added Net: Name=GND
Added Pin To Net: NetName=NetD1_A Pin=D1-A
Added Pin To Net: NetName=NetD1_A Pin=ON/OFF-3
Added Pin To Net: NetName=NetD1_A Pin=R2-2
Added Net: Name=NetD1_A
Added Pin To Net: NetName=NetD1_K Pin=D1-K
Added Pin To Net: NetName=NetD1_K Pin=ON/OFF-1
Added Pin To Net: NetName=NetD1_K Pin=R1-2
Added Net: Name=NetD1_K
Added Pin To Net: NetName=NetDCIN?_1 Pin=DCIN?-1
Added Pin To Net: NetName=NetDCIN?_1 Pin=Q1-3
Added Pin To Net: NetName=NetDCIN?_1 Pin=R1-1
Added Net: Name=NetDCIN?_1
Added Pin To Net: NetName=NetON/OFF_2 Pin=ON/OFF-2
Added Pin To Net: NetName=NetON/OFF_2 Pin=Q1-2
Added Net: Name=NetON/OFF_2
Added Pin To Net: NetName=VCC Pin=Q1-1
Added Net: Name=VCC
Added Class: Name=Sheet1
Added Room: Name=Sheet1
