Removed Member From Class: ClassName=Sheet1 Member=C?
Removed Member From Class: ClassName=Sheet1 Member=L?
Change Component Designator: OldDesignator=R? NewDesignator=R18
Change Component Designator: OldDesignator=R? NewDesignator=R33
Added Component: Designator=B1(BEEP 9x5.5mm)
Added Component: Designator=C25(CAPC3216[1206]S)
Add component (AddParameter): Name = "Published"; Value = "2021-12-13"; VariantName = "[No Variations]"
Add component (AddParameter): Name = "Revision"; Value = "V1.2"; VariantName = "[No Variations]"
Add component (AddParameter): Name = "Tolerance"; Value = "±10%"; VariantName = "[No Variations]"
Add component (AddParameter): Name = "Type"; Value = "X7R"; VariantName = "[No Variations]"
Add component (AddParameter): Name = "Value"; Value = "100nF"; VariantName = "[No Variations]"
Add component (AddParameter): Name = "Voltage"; Value = "50V"; VariantName = "[No Variations]"
Added Component: Designator=P3(HDR2X8-M-SMT)
Add component (AddParameter): Name = "LatestRevisionDate"; Value = "17-Jul-2002"; VariantName = "[No Variations]"
Add component (AddParameter): Name = "LatestRevisionNote"; Value = "Re-released for DXP Platform."; VariantName = "[No Variations]"
Add component (AddParameter): Name = "Price(RMB)"; Value = "0.00"; VariantName = "[No Variations]"
Add component (AddParameter): Name = "Publisher"; Value = "Altium Limited"; VariantName = "[No Variations]"
Added Component: Designator=P4(HDR1X8)
Add component (AddParameter): Name = "LatestRevisionDate"; Value = "17-Jul-2002"; VariantName = "[No Variations]"
Add component (AddParameter): Name = "LatestRevisionNote"; Value = "Re-released for DXP Platform."; VariantName = "[No Variations]"
Add component (AddParameter): Name = "Price(RMB)"; Value = "0.00"; VariantName = "[No Variations]"
Add component (AddParameter): Name = "Publisher"; Value = "Altium Limited"; VariantName = "[No Variations]"
Added Component: Designator=P5(HDR2X8-M-SMT)
Add component (AddParameter): Name = "LatestRevisionDate"; Value = "17-Jul-2002"; VariantName = "[No Variations]"
Add component (AddParameter): Name = "LatestRevisionNote"; Value = "Re-released for DXP Platform."; VariantName = "[No Variations]"
Add component (AddParameter): Name = "Price(RMB)"; Value = "0.00"; VariantName = "[No Variations]"
Add component (AddParameter): Name = "Publisher"; Value = "Altium Limited"; VariantName = "[No Variations]"
Added Component: Designator=P10(HDR2X8-M-SMT)
Add component (AddParameter): Name = "LatestRevisionDate"; Value = "17-Jul-2002"; VariantName = "[No Variations]"
Add component (AddParameter): Name = "LatestRevisionNote"; Value = "Re-released for DXP Platform."; VariantName = "[No Variations]"
Add component (AddParameter): Name = "Price(RMB)"; Value = "0.00"; VariantName = "[No Variations]"
Add component (AddParameter): Name = "Publisher"; Value = "Altium Limited"; VariantName = "[No Variations]"
Added Component: Designator=P11(HDR2X3-M-SMT)
Add component (AddParameter): Name = "LatestRevisionDate"; Value = "17-Jul-2002"; VariantName = "[No Variations]"
Add component (AddParameter): Name = "LatestRevisionNote"; Value = "Re-released for DXP Platform."; VariantName = "[No Variations]"
Add component (AddParameter): Name = "Price(RMB)"; Value = "0.00"; VariantName = "[No Variations]"
Add component (AddParameter): Name = "Publisher"; Value = "Altium Limited"; VariantName = "[No Variations]"
Added Component: Designator=P12(HDR2X3-M-SMT)
Add component (AddParameter): Name = "LatestRevisionDate"; Value = "17-Jul-2002"; VariantName = "[No Variations]"
Add component (AddParameter): Name = "LatestRevisionNote"; Value = "Re-released for DXP Platform."; VariantName = "[No Variations]"
Add component (AddParameter): Name = "Price(RMB)"; Value = "0.00"; VariantName = "[No Variations]"
Add component (AddParameter): Name = "Publisher"; Value = "Altium Limited"; VariantName = "[No Variations]"
Added Component: Designator=P13(HDR1X6)
Add component (AddParameter): Name = "LatestRevisionDate"; Value = "17-Jul-2002"; VariantName = "[No Variations]"
Add component (AddParameter): Name = "LatestRevisionNote"; Value = "Re-released for DXP Platform."; VariantName = "[No Variations]"
Add component (AddParameter): Name = "Price(RMB)"; Value = "0.00"; VariantName = "[No Variations]"
Add component (AddParameter): Name = "Publisher"; Value = "Altium Limited"; VariantName = "[No Variations]"
Added Component: Designator=P14(HDR1X6)
Add component (AddParameter): Name = "LatestRevisionDate"; Value = "17-Jul-2002"; VariantName = "[No Variations]"
Add component (AddParameter): Name = "LatestRevisionNote"; Value = "Re-released for DXP Platform."; VariantName = "[No Variations]"
Add component (AddParameter): Name = "Price(RMB)"; Value = "0.00"; VariantName = "[No Variations]"
Add component (AddParameter): Name = "Publisher"; Value = "Altium Limited"; VariantName = "[No Variations]"
Added Component: Designator=P15(Female-Header-2.54-SMD-8)
Add component (AddParameter): Name = "LatestRevisionDate"; Value = "17-Jul-2002"; VariantName = "[No Variations]"
Add component (AddParameter): Name = "LatestRevisionNote"; Value = "Re-released for DXP Platform."; VariantName = "[No Variations]"
Add component (AddParameter): Name = "Price(RMB)"; Value = "0.00"; VariantName = "[No Variations]"
Add component (AddParameter): Name = "Publisher"; Value = "Altium Limited"; VariantName = "[No Variations]"
Added Component: Designator=P16(HDR1X4)
Add component (AddParameter): Name = "LatestRevisionDate"; Value = "17-Jul-2002"; VariantName = "[No Variations]"
Add component (AddParameter): Name = "LatestRevisionNote"; Value = "Re-released for DXP Platform."; VariantName = "[No Variations]"
Add component (AddParameter): Name = "Price(RMB)"; Value = "0.00"; VariantName = "[No Variations]"
Add component (AddParameter): Name = "Publisher"; Value = "Altium Limited"; VariantName = "[No Variations]"
Added Component: Designator=P17(HDR1X3)
Add component (AddParameter): Name = "LatestRevisionDate"; Value = "17-Jul-2002"; VariantName = "[No Variations]"
Add component (AddParameter): Name = "LatestRevisionNote"; Value = "Re-released for DXP Platform."; VariantName = "[No Variations]"
Add component (AddParameter): Name = "Price(RMB)"; Value = "0.00"; VariantName = "[No Variations]"
Add component (AddParameter): Name = "Publisher"; Value = "Altium Limited"; VariantName = "[No Variations]"
Added Component: Designator=Q?(SOT-23)
Add component (AddParameter): Name = "PartNumber"; Value = "S8050"; VariantName = "[No Variations]"
Add component (AddParameter): Name = "Price(RMB)"; Value = "0.000"; VariantName = "[No Variations]"
Add component (AddParameter): Name = "Published"; Value = "8-Jun-2000"; VariantName = "[No Variations]"
Add component (AddParameter): Name = "Publisher"; Value = "Altium Limited"; VariantName = "[No Variations]"
Add component (AddParameter): Name = "Revision"; Value = "July-2002: Re-released for DXP Platform."; VariantName = "[No Variations]"
Add component (AddParameter): Name = "Temperature"; Value = ""; VariantName = "[No Variations]"
Added Component: Designator=R14(RESC1608[0603]S-N)
Add component (AddParameter): Name = "Published"; Value = "8-Jun-2000"; VariantName = "[No Variations]"
Add component (AddParameter): Name = "Revision"; Value = "July-2002: Re-released for DXP Platform."; VariantName = "[No Variations]"
Add component (AddParameter): Name = "Tolerance"; Value = "±1%"; VariantName = "[No Variations]"
Add component (AddParameter): Name = "Value"; Value = "4.7K"; VariantName = "[No Variations]"
Added Component: Designator=R15(RESC1608[0603]S-N)
Add component (AddParameter): Name = "Published"; Value = "8-Jun-2000"; VariantName = "[No Variations]"
Add component (AddParameter): Name = "Revision"; Value = "July-2002: Re-released for DXP Platform."; VariantName = "[No Variations]"
Add component (AddParameter): Name = "Tolerance"; Value = "±1%"; VariantName = "[No Variations]"
Add component (AddParameter): Name = "Value"; Value = "4.7K"; VariantName = "[No Variations]"
Added Component: Designator=R16(RESC1608[0603]S-N)
Add component (AddParameter): Name = "Published"; Value = "8-Jun-2000"; VariantName = "[No Variations]"
Add component (AddParameter): Name = "Revision"; Value = "July-2002: Re-released for DXP Platform."; VariantName = "[No Variations]"
Add component (AddParameter): Name = "Tolerance"; Value = "±1%"; VariantName = "[No Variations]"
Add component (AddParameter): Name = "Value"; Value = "4.7K"; VariantName = "[No Variations]"
Added Component: Designator=R17(RESC1608[0603]S-N)
Add component (AddParameter): Name = "Published"; Value = "8-Jun-2000"; VariantName = "[No Variations]"
Add component (AddParameter): Name = "Revision"; Value = "July-2002: Re-released for DXP Platform."; VariantName = "[No Variations]"
Add component (AddParameter): Name = "Tolerance"; Value = "±1%"; VariantName = "[No Variations]"
Add component (AddParameter): Name = "Value"; Value = "4.7K"; VariantName = "[No Variations]"
Added Component: Designator=R19(RESC1608[0603]S-N)
Add component (AddParameter): Name = "Published"; Value = "8-Jun-2000"; VariantName = "[No Variations]"
Add component (AddParameter): Name = "Revision"; Value = "July-2002: Re-released for DXP Platform."; VariantName = "[No Variations]"
Add component (AddParameter): Name = "Tolerance"; Value = "±1%"; VariantName = "[No Variations]"
Add component (AddParameter): Name = "Value"; Value = "4.7K"; VariantName = "[No Variations]"
Added Component: Designator=R20(RESC1608[0603]S-N)
Add component (AddParameter): Name = "Published"; Value = "8-Jun-2000"; VariantName = "[No Variations]"
Add component (AddParameter): Name = "Revision"; Value = "July-2002: Re-released for DXP Platform."; VariantName = "[No Variations]"
Add component (AddParameter): Name = "Tolerance"; Value = "±1%"; VariantName = "[No Variations]"
Add component (AddParameter): Name = "Value"; Value = "30K"; VariantName = "[No Variations]"
Added Component: Designator=R21(RESC1608[0603]S-N)
Add component (AddParameter): Name = "Published"; Value = "8-Jun-2000"; VariantName = "[No Variations]"
Add component (AddParameter): Name = "Revision"; Value = "July-2002: Re-released for DXP Platform."; VariantName = "[No Variations]"
Add component (AddParameter): Name = "Tolerance"; Value = "±1%"; VariantName = "[No Variations]"
Add component (AddParameter): Name = "Value"; Value = "10K"; VariantName = "[No Variations]"
Added Component: Designator=R22(RESC1608[0603]S-N)
Add component (AddParameter): Name = "Published"; Value = "8-Jun-2000"; VariantName = "[No Variations]"
Add component (AddParameter): Name = "Revision"; Value = "July-2002: Re-released for DXP Platform."; VariantName = "[No Variations]"
Add component (AddParameter): Name = "Tolerance"; Value = "±1%"; VariantName = "[No Variations]"
Add component (AddParameter): Name = "Value"; Value = "10R"; VariantName = "[No Variations]"
Added Component: Designator=R23(RESC1608[0603]S-N)
Add component (AddParameter): Name = "Published"; Value = "8-Jun-2000"; VariantName = "[No Variations]"
Add component (AddParameter): Name = "Revision"; Value = "July-2002: Re-released for DXP Platform."; VariantName = "[No Variations]"
Add component (AddParameter): Name = "Tolerance"; Value = "±1%"; VariantName = "[No Variations]"
Add component (AddParameter): Name = "Value"; Value = "4.7K"; VariantName = "[No Variations]"
Added Component: Designator=R24(RESC1608[0603]S-N)
Add component (AddParameter): Name = "Published"; Value = "8-Jun-2000"; VariantName = "[No Variations]"
Add component (AddParameter): Name = "Revision"; Value = "July-2002: Re-released for DXP Platform."; VariantName = "[No Variations]"
Add component (AddParameter): Name = "Tolerance"; Value = "±1%"; VariantName = "[No Variations]"
Add component (AddParameter): Name = "Value"; Value = "10K"; VariantName = "[No Variations]"
Added Component: Designator=R25(RESC1608[0603]S-N)
Add component (AddParameter): Name = "Published"; Value = "8-Jun-2000"; VariantName = "[No Variations]"
Add component (AddParameter): Name = "Revision"; Value = "July-2002: Re-released for DXP Platform."; VariantName = "[No Variations]"
Add component (AddParameter): Name = "Tolerance"; Value = "±1%"; VariantName = "[No Variations]"
Add component (AddParameter): Name = "Value"; Value = "100R"; VariantName = "[No Variations]"
Added Component: Designator=R26(RESC1608[0603]S-N)
Add component (AddParameter): Name = "Published"; Value = "8-Jun-2000"; VariantName = "[No Variations]"
Add component (AddParameter): Name = "Revision"; Value = "July-2002: Re-released for DXP Platform."; VariantName = "[No Variations]"
Add component (AddParameter): Name = "Tolerance"; Value = "±1%"; VariantName = "[No Variations]"
Add component (AddParameter): Name = "Value"; Value = "100R"; VariantName = "[No Variations]"
Added Component: Designator=R27(RESC1608[0603]S-N)
Add component (AddParameter): Name = "Published"; Value = "8-Jun-2000"; VariantName = "[No Variations]"
Add component (AddParameter): Name = "Revision"; Value = "July-2002: Re-released for DXP Platform."; VariantName = "[No Variations]"
Add component (AddParameter): Name = "Tolerance"; Value = "±1%"; VariantName = "[No Variations]"
Add component (AddParameter): Name = "Value"; Value = "100R"; VariantName = "[No Variations]"
Added Component: Designator=R28(RESC1608[0603]S-N)
Add component (AddParameter): Name = "Published"; Value = "8-Jun-2000"; VariantName = "[No Variations]"
Add component (AddParameter): Name = "Revision"; Value = "July-2002: Re-released for DXP Platform."; VariantName = "[No Variations]"
Add component (AddParameter): Name = "Tolerance"; Value = "±1%"; VariantName = "[No Variations]"
Add component (AddParameter): Name = "Value"; Value = "100R"; VariantName = "[No Variations]"
Added Component: Designator=R29(RESC1608[0603]S-N)
Add component (AddParameter): Name = "Published"; Value = "8-Jun-2000"; VariantName = "[No Variations]"
Add component (AddParameter): Name = "Revision"; Value = "July-2002: Re-released for DXP Platform."; VariantName = "[No Variations]"
Add component (AddParameter): Name = "Tolerance"; Value = "±1%"; VariantName = "[No Variations]"
Add component (AddParameter): Name = "Value"; Value = "100R"; VariantName = "[No Variations]"
Added Component: Designator=R30(RESC1608[0603]S-N)
Add component (AddParameter): Name = "Published"; Value = "8-Jun-2000"; VariantName = "[No Variations]"
Add component (AddParameter): Name = "Revision"; Value = "July-2002: Re-released for DXP Platform."; VariantName = "[No Variations]"
Add component (AddParameter): Name = "Tolerance"; Value = "±1%"; VariantName = "[No Variations]"
Add component (AddParameter): Name = "Value"; Value = "100R"; VariantName = "[No Variations]"
Added Component: Designator=R31(RESC1608[0603]S-N)
Add component (AddParameter): Name = "Published"; Value = "8-Jun-2000"; VariantName = "[No Variations]"
Add component (AddParameter): Name = "Revision"; Value = "July-2002: Re-released for DXP Platform."; VariantName = "[No Variations]"
Add component (AddParameter): Name = "Tolerance"; Value = "±1%"; VariantName = "[No Variations]"
Add component (AddParameter): Name = "Value"; Value = "100R"; VariantName = "[No Variations]"
Added Component: Designator=R32(RESC1608[0603]S-N)
Add component (AddParameter): Name = "Published"; Value = "8-Jun-2000"; VariantName = "[No Variations]"
Add component (AddParameter): Name = "Revision"; Value = "July-2002: Re-released for DXP Platform."; VariantName = "[No Variations]"
Add component (AddParameter): Name = "Tolerance"; Value = "±1%"; VariantName = "[No Variations]"
Add component (AddParameter): Name = "Value"; Value = "100R"; VariantName = "[No Variations]"
Added Component: Designator=R34(RESC1608[0603]S-N)
Add component (AddParameter): Name = "Published"; Value = "8-Jun-2000"; VariantName = "[No Variations]"
Add component (AddParameter): Name = "Revision"; Value = "July-2002: Re-released for DXP Platform."; VariantName = "[No Variations]"
Add component (AddParameter): Name = "Tolerance"; Value = "±1%"; VariantName = "[No Variations]"
Add component (AddParameter): Name = "Value"; Value = "470R"; VariantName = "[No Variations]"
Added Component: Designator=R35(RESC1608[0603]S-N)
Add component (AddParameter): Name = "Published"; Value = "8-Jun-2000"; VariantName = "[No Variations]"
Add component (AddParameter): Name = "Revision"; Value = "July-2002: Re-released for DXP Platform."; VariantName = "[No Variations]"
Add component (AddParameter): Name = "Tolerance"; Value = "±1%"; VariantName = "[No Variations]"
Add component (AddParameter): Name = "Value"; Value = "470R"; VariantName = "[No Variations]"
Added Component: Designator=R36(RESC1608[0603]S-N)
Add component (AddParameter): Name = "Published"; Value = "8-Jun-2000"; VariantName = "[No Variations]"
Add component (AddParameter): Name = "Revision"; Value = "July-2002: Re-released for DXP Platform."; VariantName = "[No Variations]"
Add component (AddParameter): Name = "Tolerance"; Value = "±1%"; VariantName = "[No Variations]"
Add component (AddParameter): Name = "Value"; Value = "470R"; VariantName = "[No Variations]"
Added Component: Designator=R37(RESC1608[0603]S-N)
Add component (AddParameter): Name = "Published"; Value = "8-Jun-2000"; VariantName = "[No Variations]"
Add component (AddParameter): Name = "Revision"; Value = "July-2002: Re-released for DXP Platform."; VariantName = "[No Variations]"
Add component (AddParameter): Name = "Tolerance"; Value = "±1%"; VariantName = "[No Variations]"
Add component (AddParameter): Name = "Value"; Value = "470R"; VariantName = "[No Variations]"
Added Component: Designator=R38(RESC1608[0603]S-N)
Add component (AddParameter): Name = "Published"; Value = "8-Jun-2000"; VariantName = "[No Variations]"
Add component (AddParameter): Name = "Revision"; Value = "July-2002: Re-released for DXP Platform."; VariantName = "[No Variations]"
Add component (AddParameter): Name = "Tolerance"; Value = "±1%"; VariantName = "[No Variations]"
Add component (AddParameter): Name = "Value"; Value = "470R"; VariantName = "[No Variations]"
Added Component: Designator=S1(PTS810-3*4-CurvePin)
Add component (AddParameter): Name = "Price(RMB)"; Value = "0.000"; VariantName = "[No Variations]"
Add component (AddParameter): Name = "Published"; Value = "24-Mar-1999"; VariantName = "[No Variations]"
Add component (AddParameter): Name = "Publisher"; Value = "Altium Limited"; VariantName = "[No Variations]"
Added Component: Designator=S2(PTS810-3*4-CurvePin)
Add component (AddParameter): Name = "Price(RMB)"; Value = "0.000"; VariantName = "[No Variations]"
Add component (AddParameter): Name = "Published"; Value = "24-Mar-1999"; VariantName = "[No Variations]"
Add component (AddParameter): Name = "Publisher"; Value = "Altium Limited"; VariantName = "[No Variations]"
Added Component: Designator=S3(PTS810-3*4-CurvePin)
Add component (AddParameter): Name = "Price(RMB)"; Value = "0.000"; VariantName = "[No Variations]"
Add component (AddParameter): Name = "Published"; Value = "24-Mar-1999"; VariantName = "[No Variations]"
Add component (AddParameter): Name = "Publisher"; Value = "Altium Limited"; VariantName = "[No Variations]"
Added Component: Designator=S4(PTS810-3*4-CurvePin)
Add component (AddParameter): Name = "Price(RMB)"; Value = "0.000"; VariantName = "[No Variations]"
Add component (AddParameter): Name = "Published"; Value = "24-Mar-1999"; VariantName = "[No Variations]"
Add component (AddParameter): Name = "Publisher"; Value = "Altium Limited"; VariantName = "[No Variations]"
Added Component: Designator=S5(Code SW-2-DIP-2.54)
Add component (AddParameter): Name = "Price(RMB)"; Value = "0.000"; VariantName = "[No Variations]"
Add component (AddParameter): Name = "Published"; Value = "24-Mar-1999"; VariantName = "[No Variations]"
Add component (AddParameter): Name = "Publisher"; Value = "Altium Limited"; VariantName = "[No Variations]"
Add component (AddParameter): Name = "Revision"; Value = "July-2002: Re-released for DXP Platform."; VariantName = "[No Variations]"
Added Component: Designator=电磁运放模块1(SEEKFREE_4CHANEL_OPAMOD)
Added Component: Designator=电磁运放模块2(SEEKFREE_4CHANEL_OPAMOD)
Added Pin To Net: NetName=A8 Pin=C25-1
Added Pin To Net: NetName=GND Pin=C25-2
Added Pin To Net: NetName=11.9 Pin=P3-1
Added Pin To Net: NetName=GND Pin=P3-2
Added Pin To Net: NetName=11.10 Pin=P3-3
Added Pin To Net: NetName=VCC3V3 Pin=P3-4
Added Pin To Net: NetName=11.11 Pin=P3-5
Added Pin To Net: NetName=15.3 Pin=P3-6
Added Pin To Net: NetName=11.12 Pin=P3-7
Added Pin To Net: NetName=15.5 Pin=P3-8
Added Pin To Net: NetName=13.0 Pin=P3-9
Added Pin To Net: NetName=15.1 Pin=P3-10
Added Pin To Net: NetName=13.1 Pin=P3-11
Added Pin To Net: NetName=15.0 Pin=P3-12
Added Pin To Net: NetName=13.2 Pin=P3-13
Added Pin To Net: NetName=15.2 Pin=P3-14
Added Pin To Net: NetName=13.3 Pin=P3-15
Added Pin To Net: NetName=15.4 Pin=P3-16
Added Pin To Net: NetName=VCC3V3 Pin=P4-1
Added Pin To Net: NetName=GND Pin=P4-2
Added Pin To Net: NetName=20.11 Pin=P4-3
Added Pin To Net: NetName=20.14 Pin=P4-4
Added Pin To Net: NetName=20.12 Pin=P4-5
Added Pin To Net: NetName=20.13 Pin=P4-6
Added Pin To Net: NetName=00.0 Pin=P5-1
Added Pin To Net: NetName=02.1 Pin=P5-2
Added Pin To Net: NetName=00.1 Pin=P5-3
Added Pin To Net: NetName=GND Pin=P5-4
Added Pin To Net: NetName=00.2 Pin=P5-5
Added Pin To Net: NetName=02.3 Pin=P5-6
Added Pin To Net: NetName=00.3 Pin=P5-7
Added Pin To Net: NetName=02.2 Pin=P5-8
Added Pin To Net: NetName=00.4 Pin=P5-9
Added Pin To Net: NetName=00.5 Pin=P5-11
Added Pin To Net: NetName=02.0 Pin=P5-12
Added Pin To Net: NetName=00.6 Pin=P5-13
Added Pin To Net: NetName=GND Pin=P5-14
Added Pin To Net: NetName=00.7 Pin=P5-15
Added Pin To Net: NetName=VCCCAM Pin=P5-16
Added Pin To Net: NetName=GND Pin=P10-1
Added Pin To Net: NetName=VCC3V3 Pin=P10-2
Added Pin To Net: NetName=GND Pin=P10-3
Added Pin To Net: NetName=VCC3V3 Pin=P10-4
Added Pin To Net: NetName=GND Pin=P10-5
Added Pin To Net: NetName=VCC3V3 Pin=P10-6
Added Pin To Net: NetName=GND Pin=P10-7
Added Pin To Net: NetName=VCC3V3 Pin=P10-8
Added Pin To Net: NetName=A21 Pin=P10-9
Added Pin To Net: NetName=A20 Pin=P10-10
Added Pin To Net: NetName=A17 Pin=P10-11
Added Pin To Net: NetName=A16 Pin=P10-12
Added Pin To Net: NetName=A13 Pin=P10-13
Added Pin To Net: NetName=A12 Pin=P10-14
Added Pin To Net: NetName=A11 Pin=P10-15
Added Pin To Net: NetName=A10 Pin=P10-16
Added Pin To Net: NetName=GND Pin=P11-3
Added Pin To Net: NetName=GND Pin=P11-4
Added Pin To Net: NetName=GND Pin=P12-3
Added Pin To Net: NetName=GND Pin=P12-4
Added Pin To Net: NetName=GND Pin=P13-2
Added Pin To Net: NetName=GND Pin=P13-5
Added Pin To Net: NetName=GND Pin=P14-2
Added Pin To Net: NetName=GND Pin=P14-5
Added Pin To Net: NetName=10.5 Pin=P15-1
Added Pin To Net: NetName=10.6 Pin=P15-3
Added Pin To Net: NetName=10.2 Pin=P15-4
Added Pin To Net: NetName=GND Pin=P15-5
Added Pin To Net: NetName=GND Pin=P15-6
Added Pin To Net: NetName=VCC Pin=P15-7
Added Pin To Net: NetName=VCC5V Pin=P16-1
Added Pin To Net: NetName=GND Pin=P16-2
Added Pin To Net: NetName=14.1 Pin=P16-3
Added Pin To Net: NetName=14.0 Pin=P16-4
Added Pin To Net: NetName=32.4 Pin=P17-1
Added Pin To Net: NetName=VCC5V Pin=P17-2
Added Pin To Net: NetName=GND Pin=P17-3
Added Pin To Net: NetName=GND Pin=Q?-2
Added Pin To Net: NetName=VCC3V3 Pin=R14-1
Added Pin To Net: NetName=VCC3V3 Pin=R15-1
Added Pin To Net: NetName=VCC3V3 Pin=R16-1
Added Pin To Net: NetName=VCC3V3 Pin=R17-1
Added Pin To Net: NetName=VCC3V3 Pin=R18-1
Added Pin To Net: NetName=VCC3V3 Pin=R19-1
Added Pin To Net: NetName=VCCBAT Pin=R20-1
Added Pin To Net: NetName=A8 Pin=R20-2
Added Pin To Net: NetName=A8 Pin=R21-1
Added Pin To Net: NetName=GND Pin=R21-2
Added Pin To Net: NetName=VCC3V3 Pin=R22-1
Added Pin To Net: NetName=33.10 Pin=R23-1
Added Pin To Net: NetName=33.10 Pin=R24-1
Added Pin To Net: NetName=GND Pin=R24-2
Added Pin To Net: NetName=21.2 Pin=R25-1
Added Pin To Net: NetName=21.3 Pin=R26-2
Added Pin To Net: NetName=21.4 Pin=R27-1
Added Pin To Net: NetName=21.5 Pin=R28-2
Added Pin To Net: NetName=02.4 Pin=R29-1
Added Pin To Net: NetName=02.5 Pin=R30-2
Added Pin To Net: NetName=02.6 Pin=R31-1
Added Pin To Net: NetName=02.7 Pin=R32-2
Added Pin To Net: NetName=33.12 Pin=R33-2
Added Pin To Net: NetName=33.13 Pin=R34-2
Added Pin To Net: NetName=22.0 Pin=R35-2
Added Pin To Net: NetName=22.1 Pin=R36-2
Added Pin To Net: NetName=22.2 Pin=R37-2
Added Pin To Net: NetName=22.3 Pin=R38-2
Added Pin To Net: NetName=GND Pin=S1-1
Added Pin To Net: NetName=GND Pin=S1-1
Added Pin To Net: NetName=GND Pin=S2-1
Added Pin To Net: NetName=GND Pin=S2-1
Added Pin To Net: NetName=GND Pin=S3-1
Added Pin To Net: NetName=GND Pin=S3-1
Added Pin To Net: NetName=GND Pin=S4-1
Added Pin To Net: NetName=GND Pin=S4-1
Added Pin To Net: NetName=GND Pin=S5-3
Added Pin To Net: NetName=GND Pin=S5-4
Added Pin To Net: NetName=GND Pin=电磁运放模块1-2
Added Pin To Net: NetName=GND Pin=电磁运放模块1-5
Added Pin To Net: NetName=A0 Pin=电磁运放模块1-7
Added Pin To Net: NetName=VCCOP Pin=电磁运放模块1-8
Added Pin To Net: NetName=GND Pin=电磁运放模块1-9
Added Pin To Net: NetName=A1 Pin=电磁运放模块1-10
Added Pin To Net: NetName=A2 Pin=电磁运放模块1-11
Added Pin To Net: NetName=A3 Pin=电磁运放模块1-12
Added Pin To Net: NetName=GND Pin=电磁运放模块2-2
Added Pin To Net: NetName=GND Pin=电磁运放模块2-5
Added Pin To Net: NetName=A4 Pin=电磁运放模块2-7
Added Pin To Net: NetName=VCCOP Pin=电磁运放模块2-8
Added Pin To Net: NetName=GND Pin=电磁运放模块2-9
Added Pin To Net: NetName=A5 Pin=电磁运放模块2-10
Added Pin To Net: NetName=A6 Pin=电磁运放模块2-11
Added Pin To Net: NetName=A7 Pin=电磁运放模块2-12
Added Pin To Net: NetName=NetB1_1 Pin=B1-1
Added Pin To Net: NetName=NetB1_1 Pin=R22-2
Added Net: Name=NetB1_1
Added Pin To Net: NetName=NetB1_2 Pin=B1-2
Added Pin To Net: NetName=NetB1_2 Pin=Q?-3
Added Net: Name=NetB1_2
Added Pin To Net: NetName=NetP11_1 Pin=P11-1
Added Pin To Net: NetName=NetP11_1 Pin=R26-1
Added Net: Name=NetP11_1
Added Pin To Net: NetName=NetP11_2 Pin=P11-2
Added Pin To Net: NetName=NetP11_2 Pin=R28-1
Added Net: Name=NetP11_2
Added Pin To Net: NetName=NetP11_5 Pin=P11-5
Added Pin To Net: NetName=NetP11_5 Pin=R25-2
Added Net: Name=NetP11_5
Added Pin To Net: NetName=NetP11_6 Pin=P11-6
Added Pin To Net: NetName=NetP11_6 Pin=R27-2
Added Net: Name=NetP11_6
Added Pin To Net: NetName=NetP12_1 Pin=P12-1
Added Pin To Net: NetName=NetP12_1 Pin=R30-1
Added Net: Name=NetP12_1
Added Pin To Net: NetName=NetP12_2 Pin=P12-2
Added Pin To Net: NetName=NetP12_2 Pin=R32-1
Added Net: Name=NetP12_2
Added Pin To Net: NetName=NetP12_5 Pin=P12-5
Added Pin To Net: NetName=NetP12_5 Pin=R29-2
Added Net: Name=NetP12_5
Added Pin To Net: NetName=NetP12_6 Pin=P12-6
Added Pin To Net: NetName=NetP12_6 Pin=R31-2
Added Net: Name=NetP12_6
Added Pin To Net: NetName=NetP13_1 Pin=P13-1
Added Pin To Net: NetName=NetP13_1 Pin=电磁运放模块1-6
Added Net: Name=NetP13_1
Added Pin To Net: NetName=NetP13_3 Pin=P13-3
Added Pin To Net: NetName=NetP13_3 Pin=电磁运放模块1-4
Added Net: Name=NetP13_3
Added Pin To Net: NetName=NetP13_4 Pin=P13-4
Added Pin To Net: NetName=NetP13_4 Pin=电磁运放模块1-3
Added Net: Name=NetP13_4
Added Pin To Net: NetName=NetP13_6 Pin=P13-6
Added Pin To Net: NetName=NetP13_6 Pin=电磁运放模块1-1
Added Net: Name=NetP13_6
Added Pin To Net: NetName=NetP14_1 Pin=P14-1
Added Pin To Net: NetName=NetP14_1 Pin=电磁运放模块2-6
Added Net: Name=NetP14_1
Added Pin To Net: NetName=NetP14_3 Pin=P14-3
Added Pin To Net: NetName=NetP14_3 Pin=电磁运放模块2-4
Added Net: Name=NetP14_3
Added Pin To Net: NetName=NetP14_4 Pin=P14-4
Added Pin To Net: NetName=NetP14_4 Pin=电磁运放模块2-3
Added Net: Name=NetP14_4
Added Pin To Net: NetName=NetP14_6 Pin=P14-6
Added Pin To Net: NetName=NetP14_6 Pin=电磁运放模块2-1
Added Net: Name=NetP14_6
Added Pin To Net: NetName=NetQ?_1 Pin=Q?-1
Added Pin To Net: NetName=NetQ?_1 Pin=R23-2
Added Net: Name=NetQ?_1
Added Pin To Net: NetName=NetR14_2 Pin=R14-2
Added Pin To Net: NetName=NetR14_2 Pin=R35-1
Added Pin To Net: NetName=NetR14_2 Pin=S1-2
Added Pin To Net: NetName=NetR14_2 Pin=S1-2
Added Net: Name=NetR14_2
Added Pin To Net: NetName=NetR15_2 Pin=R15-2
Added Pin To Net: NetName=NetR15_2 Pin=R36-1
Added Pin To Net: NetName=NetR15_2 Pin=S2-2
Added Pin To Net: NetName=NetR15_2 Pin=S2-2
Added Net: Name=NetR15_2
Added Pin To Net: NetName=NetR16_2 Pin=R16-2
Added Pin To Net: NetName=NetR16_2 Pin=R37-1
Added Pin To Net: NetName=NetR16_2 Pin=S3-2
Added Pin To Net: NetName=NetR16_2 Pin=S3-2
Added Net: Name=NetR16_2
Added Pin To Net: NetName=NetR17_2 Pin=R17-2
Added Pin To Net: NetName=NetR17_2 Pin=R38-1
Added Pin To Net: NetName=NetR17_2 Pin=S4-2
Added Pin To Net: NetName=NetR17_2 Pin=S4-2
Added Net: Name=NetR17_2
Added Pin To Net: NetName=NetR18_2 Pin=R18-2
Added Pin To Net: NetName=NetR18_2 Pin=R33-1
Added Pin To Net: NetName=NetR18_2 Pin=S5-1
Added Net: Name=NetR18_2
Added Pin To Net: NetName=NetR19_2 Pin=R19-2
Added Pin To Net: NetName=NetR19_2 Pin=R34-1
Added Pin To Net: NetName=NetR19_2 Pin=S5-2
Added Net: Name=NetR19_2
Added Member To Class: ClassName=Sheet1 Member=Component B1 BEEP
Added Member To Class: ClassName=Sheet1 Member=Component C25 100nF ±10% 50V
Added Member To Class: ClassName=Sheet1 Member=Component P3 Header 8X2
Added Member To Class: ClassName=Sheet1 Member=Component P4 Header 8
Added Member To Class: ClassName=Sheet1 Member=Component P5 Header 8X2
Added Member To Class: ClassName=Sheet1 Member=Component P10 Header 8X2
Added Member To Class: ClassName=Sheet1 Member=Component P11 Header 3X2
Added Member To Class: ClassName=Sheet1 Member=Component P12 Header 3X2
Added Member To Class: ClassName=Sheet1 Member=Component P13 Header 6
Added Member To Class: ClassName=Sheet1 Member=Component P14 Header 6
Added Member To Class: ClassName=Sheet1 Member=Component P15 Header 4X2
Added Member To Class: ClassName=Sheet1 Member=Component P16 Header 4
Added Member To Class: ClassName=Sheet1 Member=Component P17 Header 3
Added Member To Class: ClassName=Sheet1 Member=Component Q? S8050
Added Member To Class: ClassName=Sheet1 Member=Component R14 4.7K ±1%
Added Member To Class: ClassName=Sheet1 Member=Component R15 4.7K ±1%
Added Member To Class: ClassName=Sheet1 Member=Component R16 4.7K ±1%
Added Member To Class: ClassName=Sheet1 Member=Component R17 4.7K ±1%
Added Member To Class: ClassName=Sheet1 Member=Component R18 4.7K ±1%
Added Member To Class: ClassName=Sheet1 Member=Component R19 4.7K ±1%
Added Member To Class: ClassName=Sheet1 Member=Component R20 30K ±1%
Added Member To Class: ClassName=Sheet1 Member=Component R21 10K ±1%
Added Member To Class: ClassName=Sheet1 Member=Component R22 10R ±1%
Added Member To Class: ClassName=Sheet1 Member=Component R23 4.7K ±1%
Added Member To Class: ClassName=Sheet1 Member=Component R24 10K ±1%
Added Member To Class: ClassName=Sheet1 Member=Component R25 100R ±1%
Added Member To Class: ClassName=Sheet1 Member=Component R26 100R ±1%
Added Member To Class: ClassName=Sheet1 Member=Component R27 100R ±1%
Added Member To Class: ClassName=Sheet1 Member=Component R28 100R ±1%
Added Member To Class: ClassName=Sheet1 Member=Component R29 100R ±1%
Added Member To Class: ClassName=Sheet1 Member=Component R30 100R ±1%
Added Member To Class: ClassName=Sheet1 Member=Component R31 100R ±1%
Added Member To Class: ClassName=Sheet1 Member=Component R32 100R ±1%
Added Member To Class: ClassName=Sheet1 Member=Component R33 470R ±1%
Added Member To Class: ClassName=Sheet1 Member=Component R34 470R ±1%
Added Member To Class: ClassName=Sheet1 Member=Component R35 470R ±1%
Added Member To Class: ClassName=Sheet1 Member=Component R36 470R ±1%
Added Member To Class: ClassName=Sheet1 Member=Component R37 470R ±1%
Added Member To Class: ClassName=Sheet1 Member=Component R38 470R ±1%
Added Member To Class: ClassName=Sheet1 Member=Component S1 Button
Added Member To Class: ClassName=Sheet1 Member=Component S2 Button
Added Member To Class: ClassName=Sheet1 Member=Component S3 Button
Added Member To Class: ClassName=Sheet1 Member=Component S4 Button
Added Member To Class: ClassName=Sheet1 Member=Component S5 SW DIP-2
Added Member To Class: ClassName=Sheet1 Member=Component 电磁运放模块1 OPA_MOD
Added Member To Class: ClassName=Sheet1 Member=Component 电磁运放模块2 OPA_MOD
