Removed Pin From Net: NetName=A0 Pin=OPA_MOD1-7
Removed Pin From Net: NetName=A0 Pin=OPA_MOD2-7
Removed Pin From Net: NetName=A0 Pin=OPA_MOD2-10
Removed Pin From Net: NetName=A0 Pin=OPA_MOD2-11
Removed Pin From Net: NetName=A0 Pin=OPA_MOD2-12
Removed Pin From Net: NetName=A0 Pin=U1-7
Removed Pin From Net: NetName=A0 Pin=U1-8
Removed Pin From Net: NetName=A0 Pin=U1-11
Removed Pin From Net: NetName=A0 Pin=U1-16
Removed Pin From Net: NetName=A0 Pin=U1-17
Removed Pin From Net: NetName=A0 Pin=U1-21
Change Net Name : Old Net Name=A0 New Net Name=GND
Added Pin To Net: NetName=A0 Pin=OPA_MOD1-7
Added Pin To Net: NetName=A0 Pin=U1-21
Added Net: Name=A0
Added Pin To Net: NetName=A4 Pin=OPA_MOD2-7
Added Pin To Net: NetName=A4 Pin=U1-17
Added Net: Name=A4
Added Pin To Net: NetName=A5 Pin=OPA_MOD2-10
Added Pin To Net: NetName=A5 Pin=U1-11
Added Pin To Net: NetName=A5 Pin=U1-16
Added Net: Name=A5
Added Pin To Net: NetName=A16 Pin=OPA_MOD2-11
Added Pin To Net: NetName=A16 Pin=U1-8
Added Net: Name=A16
Added Pin To Net: NetName=A17 Pin=OPA_MOD2-12
Added Pin To Net: NetName=A17 Pin=U1-7
Added Net: Name=A17
Added Room: Name=Sheet1
